[2026-05-18 09:27:18] 论文猎手启动
[2026-05-18 09:27:18] 已有论文: 0 篇
[2026-05-18 09:29:10] 论文猎手启动
[2026-05-18 09:29:50] arxiv: 0 篇
[2026-05-18 09:29:54] GitHub: 8 个项目
[2026-05-18 09:29:54] 论文猎手完成
[2026-05-18 09:33:03] 论文猎手启动
[2026-05-18 09:42:30] 论文猎手启动 - 全球顶级资源搜索
[2026-05-18 09:43:10] arxiv: 0 篇
[2026-05-18 09:43:17] GitHub: 8 个项目
[2026-05-18 09:43:27] HuggingFace: 0 篇
[2026-05-18 09:43:27] PapersWithCode: 0 篇
[2026-05-18 09:43:28] SemanticScholar: 0 篇
[2026-05-18 09:43:28] 论文猎手完成 - 总计 8 个资源
[2026-05-18 09:44:46] 论文猎手启动 - 全球 10 大顶级资源搜索
[2026-05-18 09:45:26] arxiv: 0 篇
[2026-05-18 09:45:31] GitHub: 8 个项目
[2026-05-18 09:45:41] HuggingFace: 0 篇
[2026-05-18 09:45:41] PapersWithCode: 0 篇
[2026-05-18 09:45:42] SemanticScholar: 0 篇
[2026-05-18 09:46:16] 论文猎手启动 - 全球 10 大顶级资源搜索
[2026-05-18 09:46:56] arxiv: 0 篇
[2026-05-18 09:47:00] GitHub: 8 个项目
[2026-05-18 09:47:10] HuggingFace: 0 篇
[2026-05-18 09:47:11] PapersWithCode: 0 篇
[2026-05-18 09:47:12] SemanticScholar: 0 篇
[2026-05-18 09:47:13] OpenReview: 0 篇
[2026-05-18 09:47:14] Kaggle: 0 个竞赛
[2026-05-18 09:47:14] ModelScope: 0 个模型
[2026-05-18 09:47:15] ConnectedPapers: 0 篇
[2026-05-18 09:47:15] SOTASuite: 0 个基准
[2026-05-18 09:47:15] 论文猎手完成 - 总计 8 个资源
[2026-05-18 10:09:55] 论文猎手启动 - 全球 10 大顶级资源搜索
[2026-05-18 10:12:03] 论文猎手启动 - 全球 10 大顶级资源搜索
[2026-05-18 10:23:26] 论文猎手启动 - 全球 10 大顶级资源搜索
[2026-05-18 10:56:26] 论文猎手启动 - 全球 10 大顶级资源搜索
[2026-05-18 11:56:31] 论文猎手启动 - 全球 10 大顶级资源搜索
[2026-05-18 12:56:37] 论文猎手启动 - 全球 10 大顶级资源搜索
[2026-05-18 13:56:37] 论文猎手启动 - 全球 10 大顶级资源搜索
[2026-05-18 14:56:39] 论文猎手启动 - 全球 10 大顶级资源搜索
[2026-05-18 15:56:39] 论文猎手启动 - 全球 10 大顶级资源搜索
[2026-05-18 16:56:40] 论文猎手启动 - 全球 10 大顶级资源搜索
[2026-05-18 17:56:41] 论文猎手启动 - 全球 10 大顶级资源搜索
[2026-05-18 18:56:41] 论文猎手启动 - 全球 10 大顶级资源搜索
[2026-05-18 19:56:42] 论文猎手启动 - 全球 10 大顶级资源搜索
[2026-05-18 20:56:42] 论文猎手启动 - 全球 10 大顶级资源搜索
[2026-05-18 21:56:43] 论文猎手启动 - 全球 10 大顶级资源搜索
