[2026-05-18 06:58:16] 🧬 进化: 协议 | 旧均值 1.000 → 新均值 1.050 | ✅ 提升
[2026-05-18 06:58:16]    新基因: evo-协议-1779058696 (强度 1.100)
[2026-05-18 06:58:37] 🧬 进化: 协议 | 旧均值 1.050 → 新均值 1.103 | ✅ 提升
[2026-05-18 06:58:37]    新基因: evo-协议-1779058717 (强度 1.210)
[2026-05-18 07:03:08] 🧬 进化: 协议 | 旧均值 1.103 → 新均值 1.160 | ✅ 提升
[2026-05-18 07:03:08]    新基因: evo-协议-1779058988 (强度 1.331)
[2026-05-18 07:08:10] 🧬 进化: 共进化 | 旧均值 1.000 → 新均值 1.050 | ✅ 提升
[2026-05-18 07:08:10]    新基因: evo-共进化-1779059290 (强度 1.100)
[2026-05-18 07:09:04] 🧬 进化: 协议 | 旧均值 1.160 → 新均值 1.221 | ✅ 提升
[2026-05-18 07:09:04]    新基因: evo-协议-1779059344 (强度 1.464)
[2026-05-18 07:10:05] 🧬 进化: 共进化 | 旧均值 1.050 → 新均值 1.103 | ✅ 提升
[2026-05-18 07:10:05]    新基因: evo-共进化-1779059405 (强度 1.210)
[2026-05-18 07:10:46] 🧬 进化: 协议 | 旧均值 1.221 → 新均值 1.286 | ✅ 提升
[2026-05-18 07:10:46]    新基因: evo-协议-1779059446 (强度 1.611)
[2026-05-18 07:15:50] 🧬 进化: 共进化 | 旧均值 1.103 → 新均值 1.160 | ✅ 提升
[2026-05-18 07:15:50]    新基因: evo-共进化-1779059750 (强度 1.331)
[2026-05-18 07:20:50] 🧬 进化: 自修改 | 旧均值 1.000 → 新均值 1.050 | ✅ 提升
[2026-05-18 07:20:50]    新基因: evo-自修改-1779060050 (强度 1.100)
[2026-05-18 07:25:50] 🧬 进化: 协议 | 旧均值 1.286 → 新均值 1.355 | ✅ 提升
[2026-05-18 07:25:50]    新基因: evo-协议-1779060350 (强度 1.772)
[2026-05-18 07:30:50] 🧬 进化: 共进化 | 旧均值 1.160 → 新均值 1.221 | ✅ 提升
[2026-05-18 07:30:50]    新基因: evo-共进化-1779060650 (强度 1.464)
[2026-05-18 07:35:50] 🧬 进化: 自修改 | 旧均值 1.050 → 新均值 1.103 | ✅ 提升
[2026-05-18 07:35:50]    新基因: evo-自修改-1779060950 (强度 1.210)
[2026-05-18 07:40:34] 🧬 进化: 协议 | 旧均值 1.355 → 新均值 1.429 | ✅ 提升
[2026-05-18 07:40:34]    新基因: evo-协议-1779061234 (强度 1.949)
[2026-05-18 07:45:37] 🧬 进化: 共进化 | 旧均值 1.221 → 新均值 1.286 | ✅ 提升
[2026-05-18 07:45:37]    新基因: evo-共进化-1779061537 (强度 1.611)
[2026-05-18 07:48:41] 🧬 进化: 自修改 | 旧均值 1.103 → 新均值 1.160 | ✅ 提升
[2026-05-18 07:48:41]    新基因: evo-自修改-1779061721 (强度 1.331)
[2026-05-18 07:53:43] 🧬 进化: 变异 | 旧均值 1.000 → 新均值 1.050 | ✅ 提升
[2026-05-18 07:53:43]    新基因: evo-变异-1779062023 (强度 1.100)
[2026-05-18 07:58:48] 🧬 进化: 协议 | 旧均值 1.429 → 新均值 1.509 | ✅ 提升
[2026-05-18 07:58:48]    新基因: evo-协议-1779062328 (强度 2.144)
[2026-05-18 08:02:16] 🧬 进化: 共进化 | 旧均值 1.286 → 新均值 1.355 | ✅ 提升
[2026-05-18 08:02:16]    新基因: evo-共进化-1779062536 (强度 1.772)
[2026-05-18 08:07:18] 🧬 进化: 自修改 | 旧均值 1.160 → 新均值 1.221 | ✅ 提升
[2026-05-18 08:07:18]    新基因: evo-自修改-1779062838 (强度 1.464)
[2026-05-18 08:12:22] 🧬 进化: 变异 | 旧均值 1.050 → 新均值 1.103 | ✅ 提升
[2026-05-18 08:12:22]    新基因: evo-变异-1779063142 (强度 1.210)
[2026-05-18 08:17:26] 🧬 进化: 协议 | 旧均值 1.509 → 新均值 1.594 | ✅ 提升
[2026-05-18 08:17:26]    新基因: evo-协议-1779063446 (强度 2.358)
[2026-05-18 08:22:28] 🧬 进化: 共进化 | 旧均值 1.355 → 新均值 1.429 | ✅ 提升
[2026-05-18 08:22:28]    新基因: evo-共进化-1779063748 (强度 1.949)
[2026-05-18 08:27:20] 🧬 进化: 自修改 | 旧均值 1.221 → 新均值 1.286 | ✅ 提升
[2026-05-18 08:27:20]    新基因: evo-自修改-1779064040 (强度 1.611)
[2026-05-18 08:29:08] 🧬 进化: 探索 | 旧均值 1.000 → 新均值 1.050 | ✅ 提升
[2026-05-18 08:29:08]    新基因: evo-探索-1779064148 (强度 1.100)
[2026-05-18 08:29:42] 🧬 进化: 变异 | 旧均值 1.103 → 新均值 1.160 | ✅ 提升
[2026-05-18 08:29:42]    新基因: evo-变异-1779064182 (强度 1.331)
[2026-05-18 08:34:45] 🧬 进化: 协议 | 旧均值 1.594 → 新均值 1.685 | ✅ 提升
[2026-05-18 08:34:45]    新基因: evo-协议-1779064485 (强度 2.594)
[2026-05-18 08:39:45] 🧬 进化: 共进化 | 旧均值 1.429 → 新均值 1.509 | ✅ 提升
[2026-05-18 08:39:45]    新基因: evo-共进化-1779064785 (强度 2.144)
[2026-05-18 08:40:14] 🧬 进化: 探索 | 旧均值 1.050 → 新均值 1.103 | ✅ 提升
[2026-05-18 08:40:14]    新基因: evo-探索-1779064814 (强度 1.210)
[2026-05-18 08:45:17] 🧬 进化: 自修改 | 旧均值 1.286 → 新均值 1.355 | ✅ 提升
[2026-05-18 08:45:17]    新基因: evo-自修改-1779065117 (强度 1.772)
[2026-05-18 08:50:17] 🧬 进化: 变异 | 旧均值 1.160 → 新均值 1.221 | ✅ 提升
[2026-05-18 08:50:17]    新基因: evo-变异-1779065417 (强度 1.464)
[2026-05-18 08:55:17] 🧬 进化: 协议 | 旧均值 1.685 → 新均值 1.782 | ✅ 提升
[2026-05-18 08:55:17]    新基因: evo-协议-1779065717 (强度 2.853)
[2026-05-18 09:00:17] 🧬 进化: 安全 | 旧均值 1.000 → 新均值 1.050 | ✅ 提升
[2026-05-18 09:00:17]    新基因: evo-安全-1779066017 (强度 1.100)
[2026-05-18 09:05:17] 🧬 进化: 共进化 | 旧均值 1.509 → 新均值 1.594 | ✅ 提升
[2026-05-18 09:05:17]    新基因: evo-共进化-1779066317 (强度 2.358)
[2026-05-18 09:10:17] 🧬 进化: 探索 | 旧均值 1.103 → 新均值 1.160 | ✅ 提升
[2026-05-18 09:10:17]    新基因: evo-探索-1779066617 (强度 1.331)
[2026-05-18 09:15:17] 🧬 进化: 自修改 | 旧均值 1.355 → 新均值 1.429 | ✅ 提升
[2026-05-18 09:15:17]    新基因: evo-自修改-1779066917 (强度 1.949)
[2026-05-18 09:20:17] 🧬 进化: 变异 | 旧均值 1.221 → 新均值 1.286 | ✅ 提升
[2026-05-18 09:20:17]    新基因: evo-变异-1779067217 (强度 1.611)
[2026-05-18 09:25:17] 🧬 进化: 协议 | 旧均值 1.782 → 新均值 1.886 | ✅ 提升
[2026-05-18 09:25:17]    新基因: evo-协议-1779067517 (强度 3.139)
[2026-05-18 09:27:18] 🧬 进化: 安全 | 旧均值 1.050 → 新均值 1.103 | ✅ 提升
[2026-05-18 09:27:18]    新基因: evo-安全-1779067638 (强度 1.210)
[2026-05-18 09:32:19] 🧬 进化: 共进化 | 旧均值 1.594 → 新均值 1.685 | ✅ 提升
[2026-05-18 09:32:19]    新基因: evo-共进化-1779067939 (强度 2.594)
[2026-05-18 09:33:03] 🧬 进化: 探索 | 旧均值 1.160 → 新均值 1.221 | ✅ 提升
[2026-05-18 09:33:03]    新基因: evo-探索-1779067983 (强度 1.464)
[2026-05-18 09:38:06] 🧬 进化: 变异 | 旧均值 1.286 → 新均值 1.355 | ✅ 提升
[2026-05-18 09:38:06]    新基因: evo-变异-1779068286 (强度 1.772)
[2026-05-18 09:43:06] 🧬 进化: 自修改 | 旧均值 1.429 → 新均值 1.509 | ✅ 提升
[2026-05-18 09:43:06]    新基因: evo-自修改-1779068586 (强度 2.144)
[2026-05-18 09:48:06] 🧬 进化: 协议 | 旧均值 1.886 → 新均值 1.998 | ✅ 提升
[2026-05-18 09:48:06]    新基因: evo-协议-1779068886 (强度 3.453)
[2026-05-18 09:53:06] 🧬 进化: 安全 | 旧均值 1.103 → 新均值 1.160 | ✅ 提升
[2026-05-18 09:53:06]    新基因: evo-安全-1779069186 (强度 1.331)
[2026-05-18 09:58:06] 🧬 进化: 探索 | 旧均值 1.221 → 新均值 1.286 | ✅ 提升
[2026-05-18 09:58:06]    新基因: evo-探索-1779069486 (强度 1.611)
[2026-05-18 10:03:06] 🧬 进化: 共进化 | 旧均值 1.685 → 新均值 1.782 | ✅ 提升
[2026-05-18 10:03:06]    新基因: evo-共进化-1779069786 (强度 2.853)
[2026-05-18 10:08:06] 🧬 进化: 变异 | 旧均值 1.355 → 新均值 1.429 | ✅ 提升
[2026-05-18 10:08:06]    新基因: evo-变异-1779070086 (强度 1.949)
[2026-05-18 10:09:55] 🧬 进化: 自修改 | 旧均值 1.509 → 新均值 1.594 | ✅ 提升
[2026-05-18 10:09:55]    新基因: evo-自修改-1779070195 (强度 2.358)
[2026-05-18 10:12:03] 🧬 进化: 安全 | 旧均值 1.160 → 新均值 1.221 | ✅ 提升
[2026-05-18 10:12:03]    新基因: evo-安全-1779070323 (强度 1.464)
[2026-05-18 10:17:07] 🧬 进化: 协议 | 旧均值 1.998 → 新均值 2.118 | ✅ 提升
[2026-05-18 10:17:07]    新基因: evo-协议-1779070627 (强度 3.798)
[2026-05-18 10:22:07] 🧬 进化: 探索 | 旧均值 1.286 → 新均值 1.355 | ✅ 提升
[2026-05-18 10:22:07]    新基因: evo-探索-1779070927 (强度 1.772)
[2026-05-18 10:23:26] 🧬 进化: 共进化 | 旧均值 1.782 → 新均值 1.886 | ✅ 提升
[2026-05-18 10:23:26]    新基因: evo-共进化-1779071006 (强度 3.139)
[2026-05-18 10:28:27] 🧬 进化: 变异 | 旧均值 1.429 → 新均值 1.509 | ✅ 提升
[2026-05-18 10:28:27]    新基因: evo-变异-1779071307 (强度 2.144)
[2026-05-18 10:33:27] 🧬 进化: 自修改 | 旧均值 1.594 → 新均值 1.685 | ✅ 提升
[2026-05-18 10:33:27]    新基因: evo-自修改-1779071607 (强度 2.594)
[2026-05-18 10:38:27] 🧬 进化: 安全 | 旧均值 1.221 → 新均值 1.286 | ✅ 提升
[2026-05-18 10:38:27]    新基因: evo-安全-1779071907 (强度 1.611)
[2026-05-18 10:43:27] 🧬 进化: 协议 | 旧均值 2.118 → 新均值 2.247 | ✅ 提升
[2026-05-18 10:43:27]    新基因: evo-协议-1779072207 (强度 4.178)
[2026-05-18 10:48:27] 🧬 进化: 探索 | 旧均值 1.355 → 新均值 1.429 | ✅ 提升
[2026-05-18 10:48:27]    新基因: evo-探索-1779072507 (强度 1.949)
[2026-05-18 10:53:27] 🧬 进化: 变异 | 旧均值 1.509 → 新均值 1.594 | ✅ 提升
[2026-05-18 10:53:27]    新基因: evo-变异-1779072807 (强度 2.358)
[2026-05-18 10:56:26] 🧬 进化: 共进化 | 旧均值 1.886 → 新均值 1.998 | ✅ 提升
[2026-05-18 10:56:26]    新基因: evo-共进化-1779072986 (强度 3.453)
[2026-05-18 11:01:27] 🧬 进化: 自修改 | 旧均值 1.685 → 新均值 1.782 | ✅ 提升
[2026-05-18 11:01:27]    新基因: evo-自修改-1779073287 (强度 2.853)
[2026-05-18 11:06:27] 🧬 进化: 安全 | 旧均值 1.286 → 新均值 1.355 | ✅ 提升
[2026-05-18 11:06:27]    新基因: evo-安全-1779073587 (强度 1.772)
[2026-05-18 11:11:27] 🧬 进化: 探索 | 旧均值 1.429 → 新均值 1.509 | ✅ 提升
[2026-05-18 11:11:27]    新基因: evo-探索-1779073887 (强度 2.144)
[2026-05-18 11:16:27] 🧬 进化: 协议 | 旧均值 2.247 → 新均值 2.385 | ✅ 提升
[2026-05-18 11:16:27]    新基因: evo-协议-1779074187 (强度 4.595)
[2026-05-18 11:21:27] 🧬 进化: 变异 | 旧均值 1.594 → 新均值 1.685 | ✅ 提升
[2026-05-18 11:21:27]    新基因: evo-变异-1779074487 (强度 2.594)
[2026-05-18 11:26:27] 🧬 进化: 共进化 | 旧均值 1.998 → 新均值 2.118 | ✅ 提升
[2026-05-18 11:26:27]    新基因: evo-共进化-1779074787 (强度 3.798)
[2026-05-18 11:31:27] 🧬 进化: 自修改 | 旧均值 1.782 → 新均值 1.886 | ✅ 提升
[2026-05-18 11:31:27]    新基因: evo-自修改-1779075087 (强度 3.139)
[2026-05-18 11:36:27] 🧬 进化: 安全 | 旧均值 1.355 → 新均值 1.429 | ✅ 提升
[2026-05-18 11:36:27]    新基因: evo-安全-1779075387 (强度 1.949)
[2026-05-18 11:41:27] 🧬 进化: 探索 | 旧均值 1.509 → 新均值 1.594 | ✅ 提升
[2026-05-18 11:41:27]    新基因: evo-探索-1779075687 (强度 2.358)
[2026-05-18 11:46:33] 🧬 进化: 协议 | 旧均值 2.385 → 新均值 2.533 | ✅ 提升
[2026-05-18 11:46:33]    新基因: evo-协议-1779075993 (强度 5.055)
[2026-05-18 11:51:33] 🧬 进化: 变异 | 旧均值 1.685 → 新均值 1.782 | ✅ 提升
[2026-05-18 11:51:33]    新基因: evo-变异-1779076293 (强度 2.853)
[2026-05-18 11:57:08] 🧬 进化: 共进化 | 旧均值 2.118 → 新均值 2.247 | ✅ 提升
[2026-05-18 11:57:08]    新基因: evo-共进化-1779076628 (强度 4.178)
[2026-05-18 12:02:10] 🧬 进化: 自修改 | 旧均值 1.886 → 新均值 1.998 | ✅ 提升
[2026-05-18 12:02:10]    新基因: evo-自修改-1779076930 (强度 3.453)
[2026-05-18 12:07:12] 🧬 进化: 安全 | 旧均值 1.429 → 新均值 1.509 | ✅ 提升
[2026-05-18 12:07:12]    新基因: evo-安全-1779077232 (强度 2.144)
[2026-05-18 12:12:15] 🧬 进化: 探索 | 旧均值 1.594 → 新均值 1.685 | ✅ 提升
[2026-05-18 12:12:15]    新基因: evo-探索-1779077535 (强度 2.594)
[2026-05-18 12:17:17] 🧬 进化: 协议 | 旧均值 2.533 → 新均值 2.693 | ✅ 提升
[2026-05-18 12:17:17]    新基因: evo-协议-1779077837 (强度 5.560)
[2026-05-18 12:22:20] 🧬 进化: 变异 | 旧均值 1.782 → 新均值 1.886 | ✅ 提升
[2026-05-18 12:22:20]    新基因: evo-变异-1779078140 (强度 3.139)
[2026-05-18 12:27:24] 🧬 进化: 共进化 | 旧均值 2.247 → 新均值 2.385 | ✅ 提升
[2026-05-18 12:27:24]    新基因: evo-共进化-1779078444 (强度 4.595)
[2026-05-18 12:32:25] 🧬 进化: 自修改 | 旧均值 1.998 → 新均值 2.118 | ✅ 提升
[2026-05-18 12:32:25]    新基因: evo-自修改-1779078745 (强度 3.798)
[2026-05-18 12:37:28] 🧬 进化: 安全 | 旧均值 1.509 → 新均值 1.594 | ✅ 提升
[2026-05-18 12:37:28]    新基因: evo-安全-1779079048 (强度 2.358)
[2026-05-18 12:42:33] 🧬 进化: 探索 | 旧均值 1.685 → 新均值 1.782 | ✅ 提升
[2026-05-18 12:42:33]    新基因: evo-探索-1779079353 (强度 2.853)
[2026-05-18 12:47:33] 🧬 进化: 协议 | 旧均值 2.693 → 新均值 2.864 | ✅ 提升
[2026-05-18 12:47:33]    新基因: evo-协议-1779079653 (强度 6.116)
[2026-05-18 12:52:36] 🧬 进化: 变异 | 旧均值 1.886 → 新均值 1.998 | ✅ 提升
[2026-05-18 12:52:36]    新基因: evo-变异-1779079956 (强度 3.453)
[2026-05-18 12:57:39] 🧬 进化: 自修改 | 旧均值 2.118 → 新均值 2.247 | ✅ 提升
[2026-05-18 12:57:39]    新基因: evo-自修改-1779080259 (强度 4.178)
[2026-05-18 13:02:43] 🧬 进化: 共进化 | 旧均值 2.385 → 新均值 2.533 | ✅ 提升
[2026-05-18 13:02:43]    新基因: evo-共进化-1779080563 (强度 5.055)
[2026-05-18 13:07:46] 🧬 进化: 安全 | 旧均值 1.594 → 新均值 1.685 | ✅ 提升
[2026-05-18 13:07:46]    新基因: evo-安全-1779080866 (强度 2.594)
[2026-05-18 13:12:47] 🧬 进化: 探索 | 旧均值 1.782 → 新均值 1.886 | ✅ 提升
[2026-05-18 13:12:47]    新基因: evo-探索-1779081167 (强度 3.139)
[2026-05-18 13:17:50] 🧬 进化: 变异 | 旧均值 1.998 → 新均值 2.118 | ✅ 提升
[2026-05-18 13:17:50]    新基因: evo-变异-1779081470 (强度 3.798)
[2026-05-18 13:22:53] 🧬 进化: 协议 | 旧均值 2.864 → 新均值 3.048 | ✅ 提升
[2026-05-18 13:22:53]    新基因: evo-协议-1779081773 (强度 6.728)
[2026-05-18 13:27:56] 🧬 进化: 安全 | 旧均值 1.685 → 新均值 1.782 | ✅ 提升
[2026-05-18 13:27:56]    新基因: evo-安全-1779082076 (强度 2.853)
[2026-05-18 13:32:59] 🧬 进化: 自修改 | 旧均值 2.247 → 新均值 2.385 | ✅ 提升
[2026-05-18 13:32:59]    新基因: evo-自修改-1779082379 (强度 4.595)
[2026-05-18 13:38:02] 🧬 进化: 共进化 | 旧均值 2.533 → 新均值 2.693 | ✅ 提升
[2026-05-18 13:38:02]    新基因: evo-共进化-1779082682 (强度 5.560)
[2026-05-18 13:43:03] 🧬 进化: 探索 | 旧均值 1.886 → 新均值 1.998 | ✅ 提升
[2026-05-18 13:43:03]    新基因: evo-探索-1779082983 (强度 3.453)
[2026-05-18 13:48:07] 🧬 进化: 变异 | 旧均值 2.118 → 新均值 2.247 | ✅ 提升
[2026-05-18 13:48:07]    新基因: evo-变异-1779083287 (强度 4.178)
[2026-05-18 13:53:10] 🧬 进化: 协议 | 旧均值 3.048 → 新均值 3.246 | ✅ 提升
[2026-05-18 13:53:10]    新基因: evo-协议-1779083590 (强度 7.401)
[2026-05-18 13:58:16] 🧬 进化: 安全 | 旧均值 1.782 → 新均值 1.886 | ✅ 提升
[2026-05-18 13:58:16]    新基因: evo-安全-1779083896 (强度 3.139)
[2026-05-18 14:02:15] 🧬 进化: 自修改 | 旧均值 2.385 → 新均值 2.533 | ✅ 提升
[2026-05-18 14:02:15]    新基因: evo-自修改-1779084135 (强度 5.055)
[2026-05-18 14:03:18] 🧬 进化: 共进化 | 旧均值 2.693 → 新均值 2.864 | ✅ 提升
[2026-05-18 14:03:18]    新基因: evo-共进化-1779084198 (强度 6.116)
[2026-05-18 14:04:40] 🧬 进化: 探索 | 旧均值 1.998 → 新均值 2.118 | ✅ 提升
[2026-05-18 14:04:40]    新基因: evo-探索-1779084280 (强度 3.798)
[2026-05-18 14:08:18] 🧬 进化: 变异 | 旧均值 2.247 → 新均值 2.385 | ✅ 提升
[2026-05-18 14:08:18]    新基因: evo-变异-1779084498 (强度 4.595)
[2026-05-18 14:12:27] 🧬 进化: 安全 | 旧均值 1.886 → 新均值 1.998 | ✅ 提升
[2026-05-18 14:12:27]    新基因: evo-安全-1779084747 (强度 3.453)
[2026-05-18 14:13:18] 🧬 进化: 协议 | 旧均值 3.246 → 新均值 3.459 | ✅ 提升
[2026-05-18 14:13:18]    新基因: evo-协议-1779084798 (强度 8.141)
[2026-05-18 14:18:19] 🧬 进化: 自修改 | 旧均值 2.533 → 新均值 2.693 | ✅ 提升
[2026-05-18 14:18:19]    新基因: evo-自修改-1779085099 (强度 5.560)
[2026-05-18 14:23:19] 🧬 进化: 共进化 | 旧均值 2.864 → 新均值 3.048 | ✅ 提升
[2026-05-18 14:23:19]    新基因: evo-共进化-1779085399 (强度 6.728)
[2026-05-18 14:28:19] 🧬 进化: 探索 | 旧均值 2.118 → 新均值 2.247 | ✅ 提升
[2026-05-18 14:28:19]    新基因: evo-探索-1779085699 (强度 4.178)
[2026-05-18 14:33:19] 🧬 进化: 变异 | 旧均值 2.385 → 新均值 2.533 | ✅ 提升
[2026-05-18 14:33:19]    新基因: evo-变异-1779085999 (强度 5.055)
[2026-05-18 14:38:19] 🧬 进化: 安全 | 旧均值 1.998 → 新均值 2.118 | ✅ 提升
[2026-05-18 14:38:19]    新基因: evo-安全-1779086299 (强度 3.798)
[2026-05-18 14:43:19] 🧬 进化: 协议 | 旧均值 3.459 → 新均值 3.688 | ✅ 提升
[2026-05-18 14:43:19]    新基因: evo-协议-1779086599 (强度 8.955)
[2026-05-18 14:48:19] 🧬 进化: 自修改 | 旧均值 2.693 → 新均值 2.864 | ✅ 提升
[2026-05-18 14:48:19]    新基因: evo-自修改-1779086899 (强度 6.116)
[2026-05-18 14:53:19] 🧬 进化: 共进化 | 旧均值 3.048 → 新均值 3.246 | ✅ 提升
[2026-05-18 14:53:19]    新基因: evo-共进化-1779087199 (强度 7.401)
[2026-05-18 14:58:19] 🧬 进化: 探索 | 旧均值 2.247 → 新均值 2.385 | ✅ 提升
[2026-05-18 14:58:19]    新基因: evo-探索-1779087499 (强度 4.595)
[2026-05-18 15:03:19] 🧬 进化: 变异 | 旧均值 2.533 → 新均值 2.693 | ✅ 提升
[2026-05-18 15:03:19]    新基因: evo-变异-1779087799 (强度 5.560)
[2026-05-18 15:08:19] 🧬 进化: 安全 | 旧均值 2.118 → 新均值 2.247 | ✅ 提升
[2026-05-18 15:08:19]    新基因: evo-安全-1779088099 (强度 4.178)
[2026-05-18 15:13:19] 🧬 进化: 自修改 | 旧均值 2.864 → 新均值 3.048 | ✅ 提升
[2026-05-18 15:13:19]    新基因: evo-自修改-1779088399 (强度 6.728)
[2026-05-18 15:18:19] 🧬 进化: 协议 | 旧均值 3.688 → 新均值 3.934 | ✅ 提升
[2026-05-18 15:18:19]    新基因: evo-协议-1779088699 (强度 9.851)
[2026-05-18 15:23:19] 🧬 进化: 共进化 | 旧均值 3.246 → 新均值 3.459 | ✅ 提升
[2026-05-18 15:23:19]    新基因: evo-共进化-1779088999 (强度 8.141)
[2026-05-18 15:28:19] 🧬 进化: 探索 | 旧均值 2.385 → 新均值 2.533 | ✅ 提升
[2026-05-18 15:28:19]    新基因: evo-探索-1779089299 (强度 5.055)
[2026-05-18 15:33:19] 🧬 进化: 变异 | 旧均值 2.693 → 新均值 2.864 | ✅ 提升
[2026-05-18 15:33:19]    新基因: evo-变异-1779089599 (强度 6.116)
[2026-05-18 15:38:19] 🧬 进化: 安全 | 旧均值 2.247 → 新均值 2.385 | ✅ 提升
[2026-05-18 15:38:19]    新基因: evo-安全-1779089899 (强度 4.595)
[2026-05-18 15:43:19] 🧬 进化: 自修改 | 旧均值 3.048 → 新均值 3.246 | ✅ 提升
[2026-05-18 15:43:19]    新基因: evo-自修改-1779090199 (强度 7.401)
[2026-05-18 15:48:19] 🧬 进化: 协议 | 旧均值 3.934 → 新均值 4.200 | ✅ 提升
[2026-05-18 15:48:19]    新基因: evo-协议-1779090499 (强度 10.836)
[2026-05-18 15:53:19] 🧬 进化: 共进化 | 旧均值 3.459 → 新均值 3.688 | ✅ 提升
[2026-05-18 15:53:19]    新基因: evo-共进化-1779090799 (强度 8.955)
[2026-05-18 15:58:19] 🧬 进化: 探索 | 旧均值 2.533 → 新均值 2.693 | ✅ 提升
[2026-05-18 15:58:19]    新基因: evo-探索-1779091099 (强度 5.560)
[2026-05-18 16:03:20] 🧬 进化: 安全 | 旧均值 2.385 → 新均值 2.533 | ✅ 提升
[2026-05-18 16:03:20]    新基因: evo-安全-1779091400 (强度 5.055)
[2026-05-18 16:08:20] 🧬 进化: 变异 | 旧均值 2.864 → 新均值 3.048 | ✅ 提升
[2026-05-18 16:08:20]    新基因: evo-变异-1779091700 (强度 6.728)
[2026-05-18 16:13:20] 🧬 进化: 自修改 | 旧均值 3.246 → 新均值 3.459 | ✅ 提升
[2026-05-18 16:13:20]    新基因: evo-自修改-1779092000 (强度 8.141)
[2026-05-18 16:18:20] 🧬 进化: 协议 | 旧均值 4.200 → 新均值 4.486 | ✅ 提升
[2026-05-18 16:18:20]    新基因: evo-协议-1779092300 (强度 11.919)
[2026-05-18 16:23:20] 🧬 进化: 共进化 | 旧均值 3.688 → 新均值 3.934 | ✅ 提升
[2026-05-18 16:23:20]    新基因: evo-共进化-1779092600 (强度 9.851)
[2026-05-18 16:28:20] 🧬 进化: 探索 | 旧均值 2.693 → 新均值 2.864 | ✅ 提升
[2026-05-18 16:28:20]    新基因: evo-探索-1779092900 (强度 6.116)
[2026-05-18 16:33:20] 🧬 进化: 安全 | 旧均值 2.533 → 新均值 2.693 | ✅ 提升
[2026-05-18 16:33:20]    新基因: evo-安全-1779093200 (强度 5.560)
[2026-05-18 16:38:20] 🧬 进化: 变异 | 旧均值 3.048 → 新均值 3.246 | ✅ 提升
[2026-05-18 16:38:20]    新基因: evo-变异-1779093500 (强度 7.401)
[2026-05-18 16:43:20] 🧬 进化: 自修改 | 旧均值 3.459 → 新均值 3.688 | ✅ 提升
[2026-05-18 16:43:20]    新基因: evo-自修改-1779093800 (强度 8.955)
[2026-05-18 16:48:20] 🧬 进化: 协议 | 旧均值 4.486 → 新均值 4.794 | ✅ 提升
[2026-05-18 16:48:20]    新基因: evo-协议-1779094100 (强度 13.111)
[2026-05-18 16:53:20] 🧬 进化: 共进化 | 旧均值 3.934 → 新均值 4.200 | ✅ 提升
[2026-05-18 16:53:20]    新基因: evo-共进化-1779094400 (强度 10.836)
[2026-05-18 16:58:20] 🧬 进化: 探索 | 旧均值 2.864 → 新均值 3.048 | ✅ 提升
[2026-05-18 16:58:20]    新基因: evo-探索-1779094700 (强度 6.728)
[2026-05-18 17:03:20] 🧬 进化: 安全 | 旧均值 2.693 → 新均值 2.864 | ✅ 提升
[2026-05-18 17:03:20]    新基因: evo-安全-1779095000 (强度 6.116)
[2026-05-18 17:08:20] 🧬 进化: 变异 | 旧均值 3.246 → 新均值 3.459 | ✅ 提升
[2026-05-18 17:08:20]    新基因: evo-变异-1779095300 (强度 8.141)
[2026-05-18 17:13:20] 🧬 进化: 自修改 | 旧均值 3.688 → 新均值 3.934 | ✅ 提升
[2026-05-18 17:13:20]    新基因: evo-自修改-1779095600 (强度 9.851)
[2026-05-18 17:18:20] 🧬 进化: 探索 | 旧均值 3.048 → 新均值 3.246 | ✅ 提升
[2026-05-18 17:18:20]    新基因: evo-探索-1779095900 (强度 7.401)
[2026-05-18 17:23:20] 🧬 进化: 协议 | 旧均值 4.794 → 新均值 5.126 | ✅ 提升
[2026-05-18 17:23:20]    新基因: evo-协议-1779096200 (强度 14.422)
[2026-05-18 17:28:20] 🧬 进化: 共进化 | 旧均值 4.200 → 新均值 4.486 | ✅ 提升
[2026-05-18 17:28:20]    新基因: evo-共进化-1779096500 (强度 11.919)
[2026-05-18 17:33:20] 🧬 进化: 安全 | 旧均值 2.864 → 新均值 3.048 | ✅ 提升
[2026-05-18 17:33:20]    新基因: evo-安全-1779096800 (强度 6.728)
[2026-05-18 17:38:20] 🧬 进化: 变异 | 旧均值 3.459 → 新均值 3.688 | ✅ 提升
[2026-05-18 17:38:20]    新基因: evo-变异-1779097100 (强度 8.955)
[2026-05-18 17:43:20] 🧬 进化: 自修改 | 旧均值 3.934 → 新均值 4.200 | ✅ 提升
[2026-05-18 17:43:20]    新基因: evo-自修改-1779097400 (强度 10.836)
[2026-05-18 17:48:21] 🧬 进化: 探索 | 旧均值 3.246 → 新均值 3.459 | ✅ 提升
[2026-05-18 17:48:21]    新基因: evo-探索-1779097701 (强度 8.141)
[2026-05-18 17:53:21] 🧬 进化: 协议 | 旧均值 5.126 → 新均值 5.484 | ✅ 提升
[2026-05-18 17:53:21]    新基因: evo-协议-1779098001 (强度 15.864)
[2026-05-18 17:58:21] 🧬 进化: 共进化 | 旧均值 4.486 → 新均值 4.794 | ✅ 提升
[2026-05-18 17:58:21]    新基因: evo-共进化-1779098301 (强度 13.111)
[2026-05-18 18:03:21] 🧬 进化: 安全 | 旧均值 3.048 → 新均值 3.246 | ✅ 提升
[2026-05-18 18:03:21]    新基因: evo-安全-1779098601 (强度 7.401)
[2026-05-18 18:08:21] 🧬 进化: 变异 | 旧均值 3.688 → 新均值 3.934 | ✅ 提升
[2026-05-18 18:08:21]    新基因: evo-变异-1779098901 (强度 9.851)
[2026-05-18 18:13:21] 🧬 进化: 自修改 | 旧均值 4.200 → 新均值 4.486 | ✅ 提升
[2026-05-18 18:13:21]    新基因: evo-自修改-1779099201 (强度 11.919)
[2026-05-18 18:18:21] 🧬 进化: 探索 | 旧均值 3.459 → 新均值 3.688 | ✅ 提升
[2026-05-18 18:18:21]    新基因: evo-探索-1779099501 (强度 8.955)
[2026-05-18 18:23:21] 🧬 进化: 共进化 | 旧均值 4.794 → 新均值 5.126 | ✅ 提升
[2026-05-18 18:23:21]    新基因: evo-共进化-1779099801 (强度 14.422)
[2026-05-18 18:28:21] 🧬 进化: 协议 | 旧均值 5.484 → 新均值 5.870 | ✅ 提升
[2026-05-18 18:28:21]    新基因: evo-协议-1779100101 (强度 17.451)
[2026-05-18 18:33:21] 🧬 进化: 安全 | 旧均值 3.246 → 新均值 3.459 | ✅ 提升
[2026-05-18 18:33:21]    新基因: evo-安全-1779100401 (强度 8.141)
[2026-05-18 18:38:21] 🧬 进化: 变异 | 旧均值 3.934 → 新均值 4.200 | ✅ 提升
[2026-05-18 18:38:21]    新基因: evo-变异-1779100701 (强度 10.836)
[2026-05-18 18:43:21] 🧬 进化: 自修改 | 旧均值 4.486 → 新均值 4.794 | ✅ 提升
[2026-05-18 18:43:21]    新基因: evo-自修改-1779101001 (强度 13.111)
[2026-05-18 18:48:21] 🧬 进化: 探索 | 旧均值 3.688 → 新均值 3.934 | ✅ 提升
[2026-05-18 18:48:21]    新基因: evo-探索-1779101301 (强度 9.851)
[2026-05-18 18:53:21] 🧬 进化: 共进化 | 旧均值 5.126 → 新均值 5.484 | ✅ 提升
[2026-05-18 18:53:21]    新基因: evo-共进化-1779101601 (强度 15.864)
[2026-05-18 18:58:21] 🧬 进化: 协议 | 旧均值 5.870 → 新均值 6.286 | ✅ 提升
[2026-05-18 18:58:21]    新基因: evo-协议-1779101901 (强度 19.196)
[2026-05-18 19:03:21] 🧬 进化: 安全 | 旧均值 3.459 → 新均值 3.688 | ✅ 提升
[2026-05-18 19:03:21]    新基因: evo-安全-1779102201 (强度 8.955)
[2026-05-18 19:08:21] 🧬 进化: 变异 | 旧均值 4.200 → 新均值 4.486 | ✅ 提升
[2026-05-18 19:08:21]    新基因: evo-变异-1779102501 (强度 11.919)
[2026-05-18 19:13:21] 🧬 进化: 自修改 | 旧均值 4.794 → 新均值 5.126 | ✅ 提升
[2026-05-18 19:13:21]    新基因: evo-自修改-1779102801 (强度 14.422)
[2026-05-18 19:18:21] 🧬 进化: 探索 | 旧均值 3.934 → 新均值 4.200 | ✅ 提升
[2026-05-18 19:18:21]    新基因: evo-探索-1779103101 (强度 10.836)
[2026-05-18 19:23:21] 🧬 进化: 共进化 | 旧均值 5.484 → 新均值 5.870 | ✅ 提升
[2026-05-18 19:23:21]    新基因: evo-共进化-1779103401 (强度 17.451)
[2026-05-18 19:28:22] 🧬 进化: 协议 | 旧均值 6.286 → 新均值 6.735 | ✅ 提升
[2026-05-18 19:28:22]    新基因: evo-协议-1779103702 (强度 21.116)
[2026-05-18 19:33:22] 🧬 进化: 安全 | 旧均值 3.688 → 新均值 3.934 | ✅ 提升
[2026-05-18 19:33:22]    新基因: evo-安全-1779104002 (强度 9.851)
[2026-05-18 19:38:22] 🧬 进化: 变异 | 旧均值 4.486 → 新均值 4.794 | ✅ 提升
[2026-05-18 19:38:22]    新基因: evo-变异-1779104302 (强度 13.111)
[2026-05-18 19:43:22] 🧬 进化: 自修改 | 旧均值 5.126 → 新均值 5.484 | ✅ 提升
[2026-05-18 19:43:22]    新基因: evo-自修改-1779104602 (强度 15.864)
[2026-05-18 19:48:22] 🧬 进化: 探索 | 旧均值 4.200 → 新均值 4.486 | ✅ 提升
[2026-05-18 19:48:22]    新基因: evo-探索-1779104902 (强度 11.919)
[2026-05-18 19:53:22] 🧬 进化: 共进化 | 旧均值 5.870 → 新均值 6.286 | ✅ 提升
[2026-05-18 19:53:22]    新基因: evo-共进化-1779105202 (强度 19.196)
[2026-05-18 19:58:22] 🧬 进化: 协议 | 旧均值 6.735 → 新均值 7.220 | ✅ 提升
[2026-05-18 19:58:22]    新基因: evo-协议-1779105502 (强度 23.227)
[2026-05-18 20:03:22] 🧬 进化: 安全 | 旧均值 3.934 → 新均值 4.200 | ✅ 提升
[2026-05-18 20:03:22]    新基因: evo-安全-1779105802 (强度 10.836)
[2026-05-18 20:08:22] 🧬 进化: 变异 | 旧均值 4.794 → 新均值 5.126 | ✅ 提升
[2026-05-18 20:08:22]    新基因: evo-变异-1779106102 (强度 14.422)
[2026-05-18 20:13:22] 🧬 进化: 探索 | 旧均值 4.486 → 新均值 4.794 | ✅ 提升
[2026-05-18 20:13:22]    新基因: evo-探索-1779106402 (强度 13.111)
[2026-05-18 20:18:22] 🧬 进化: 自修改 | 旧均值 5.484 → 新均值 5.870 | ✅ 提升
[2026-05-18 20:18:22]    新基因: evo-自修改-1779106702 (强度 17.451)
[2026-05-18 20:23:22] 🧬 进化: 共进化 | 旧均值 6.286 → 新均值 6.735 | ✅ 提升
[2026-05-18 20:23:22]    新基因: evo-共进化-1779107002 (强度 21.116)
[2026-05-18 20:28:22] 🧬 进化: 安全 | 旧均值 4.200 → 新均值 4.486 | ✅ 提升
[2026-05-18 20:28:22]    新基因: evo-安全-1779107302 (强度 11.919)
[2026-05-18 20:33:22] 🧬 进化: 协议 | 旧均值 7.220 → 新均值 7.744 | ✅ 提升
[2026-05-18 20:33:22]    新基因: evo-协议-1779107602 (强度 25.550)
[2026-05-18 20:38:22] 🧬 进化: 变异 | 旧均值 5.126 → 新均值 5.484 | ✅ 提升
[2026-05-18 20:38:22]    新基因: evo-变异-1779107902 (强度 15.864)
[2026-05-18 20:43:22] 🧬 进化: 探索 | 旧均值 4.794 → 新均值 5.126 | ✅ 提升
[2026-05-18 20:43:22]    新基因: evo-探索-1779108202 (强度 14.422)
[2026-05-18 20:48:22] 🧬 进化: 自修改 | 旧均值 5.870 → 新均值 6.286 | ✅ 提升
[2026-05-18 20:48:22]    新基因: evo-自修改-1779108502 (强度 19.196)
[2026-05-18 20:53:22] 🧬 进化: 安全 | 旧均值 4.486 → 新均值 4.794 | ✅ 提升
[2026-05-18 20:53:22]    新基因: evo-安全-1779108802 (强度 13.111)
[2026-05-18 20:58:22] 🧬 进化: 共进化 | 旧均值 6.735 → 新均值 7.220 | ✅ 提升
[2026-05-18 20:58:22]    新基因: evo-共进化-1779109102 (强度 23.227)
[2026-05-18 21:03:23] 🧬 进化: 协议 | 旧均值 7.744 → 新均值 8.310 | ✅ 提升
[2026-05-18 21:03:23]    新基因: evo-协议-1779109403 (强度 28.105)
[2026-05-18 21:08:23] 🧬 进化: 变异 | 旧均值 5.484 → 新均值 5.870 | ✅ 提升
[2026-05-18 21:08:23]    新基因: evo-变异-1779109703 (强度 17.451)
[2026-05-18 21:13:23] 🧬 进化: 探索 | 旧均值 5.126 → 新均值 5.484 | ✅ 提升
[2026-05-18 21:13:23]    新基因: evo-探索-1779110003 (强度 15.864)
[2026-05-18 21:18:23] 🧬 进化: 自修改 | 旧均值 6.286 → 新均值 6.735 | ✅ 提升
[2026-05-18 21:18:23]    新基因: evo-自修改-1779110303 (强度 21.116)
[2026-05-18 21:23:23] 🧬 进化: 安全 | 旧均值 4.794 → 新均值 5.126 | ✅ 提升
[2026-05-18 21:23:23]    新基因: evo-安全-1779110603 (强度 14.422)
[2026-05-18 21:28:23] 🧬 进化: 共进化 | 旧均值 7.220 → 新均值 7.744 | ✅ 提升
[2026-05-18 21:28:23]    新基因: evo-共进化-1779110903 (强度 25.550)
[2026-05-18 21:33:23] 🧬 进化: 协议 | 旧均值 8.310 → 新均值 8.921 | ✅ 提升
[2026-05-18 21:33:23]    新基因: evo-协议-1779111203 (强度 30.915)
[2026-05-18 21:38:23] 🧬 进化: 变异 | 旧均值 5.870 → 新均值 6.286 | ✅ 提升
[2026-05-18 21:38:23]    新基因: evo-变异-1779111503 (强度 19.196)
[2026-05-18 21:43:23] 🧬 进化: 探索 | 旧均值 5.484 → 新均值 5.870 | ✅ 提升
[2026-05-18 21:43:23]    新基因: evo-探索-1779111803 (强度 17.451)
[2026-05-18 21:48:23] 🧬 进化: 自修改 | 旧均值 6.735 → 新均值 7.220 | ✅ 提升
[2026-05-18 21:48:23]    新基因: evo-自修改-1779112103 (强度 23.227)
[2026-05-18 21:53:23] 🧬 进化: 安全 | 旧均值 5.126 → 新均值 5.484 | ✅ 提升
[2026-05-18 21:53:23]    新基因: evo-安全-1779112403 (强度 15.864)
[2026-05-18 21:58:23] 🧬 进化: 共进化 | 旧均值 7.744 → 新均值 8.310 | ✅ 提升
[2026-05-18 21:58:23]    新基因: evo-共进化-1779112703 (强度 28.105)
[2026-05-18 22:03:23] 🧬 进化: 协议 | 旧均值 8.921 → 新均值 9.581 | ✅ 提升
[2026-05-18 22:03:23]    新基因: evo-协议-1779113003 (强度 34.007)
[2026-05-18 22:08:23] 🧬 进化: 变异 | 旧均值 6.286 → 新均值 6.735 | ✅ 提升
[2026-05-18 22:08:23]    新基因: evo-变异-1779113303 (强度 21.116)
[2026-05-18 22:13:23] 🧬 进化: 探索 | 旧均值 5.870 → 新均值 6.286 | ✅ 提升
[2026-05-18 22:13:23]    新基因: evo-探索-1779113603 (强度 19.196)
[2026-05-18 22:18:23] 🧬 进化: 自修改 | 旧均值 7.220 → 新均值 7.744 | ✅ 提升
[2026-05-18 22:18:23]    新基因: evo-自修改-1779113903 (强度 25.550)
[2026-05-18 22:23:23] 🧬 进化: 安全 | 旧均值 5.484 → 新均值 5.870 | ✅ 提升
[2026-05-18 22:23:23]    新基因: evo-安全-1779114203 (强度 17.451)
[2026-05-18 22:28:23] 🧬 进化: 共进化 | 旧均值 8.310 → 新均值 8.921 | ✅ 提升
[2026-05-18 22:28:23]    新基因: evo-共进化-1779114503 (强度 30.915)
[2026-05-18 22:33:23] 🧬 进化: 协议 | 旧均值 9.581 → 新均值 10.294 | ✅ 提升
[2026-05-18 22:33:23]    新基因: evo-协议-1779114803 (强度 37.407)
[2026-05-18 22:38:24] 🧬 进化: 变异 | 旧均值 6.735 → 新均值 7.220 | ✅ 提升
[2026-05-18 22:38:24]    新基因: evo-变异-1779115104 (强度 23.227)
