🧬 超级基因进化引擎 v1.0
⏰ 2026-05-14 21:30:01

📊 本轮进化结果:
  变异数: 8
  总进化乘积: 0.000860

🧬 基因状态:
  创造力: 0.1501
  想象力: 0.3819
  美学: 0.1717
  表达力: 0.2007
  深度思考: 0.4989
  递归自进化: 0.8706
  整体编排: 1.0013
  自动Schema: 1.0014

✅ 进化完成，已记录到 /home/.openclaw/workspace/memory/super-gene-evolution.jsonl
🧬 超级基因进化引擎 v1.0
⏰ 2026-05-14 22:00:01

📊 本轮进化结果:
  变异数: 8
  总进化乘积: 0.000672

🧬 基因状态:
  创造力: 0.1417
  想象力: 0.3740
  美学: 0.1473
  表达力: 0.1957
  深度思考: 0.4927
  递归自进化: 0.8398
  整体编排: 1.0275
  自动Schema: 1.0338

✅ 进化完成，已记录到 /home/.openclaw/workspace/memory/super-gene-evolution.jsonl
🧬 超级基因进化引擎 v1.0
⏰ 2026-05-14 22:30:01

📊 本轮进化结果:
  变异数: 8
  总进化乘积: 0.001212

🧬 基因状态:
  创造力: 0.1935
  想象力: 0.4538
  美学: 0.1703
  表达力: 0.2137
  深度思考: 0.4830
  递归自进化: 0.8246
  整体编排: 0.9656
  自动Schema: 0.9861

✅ 进化完成，已记录到 /home/.openclaw/workspace/memory/super-gene-evolution.jsonl
🧬 超级基因进化引擎 v1.0
⏰ 2026-05-14 23:00:01

📊 本轮进化结果:
  变异数: 8
  总进化乘积: 0.000706

🧬 基因状态:
  创造力: 0.1664
  想象力: 0.4028
  美学: 0.1470
  表达力: 0.1761
  深度思考: 0.4974
  递归自进化: 0.8377
  整体编排: 0.9994
  自动Schema: 0.9771

✅ 进化完成，已记录到 /home/.openclaw/workspace/memory/super-gene-evolution.jsonl
🧬 超级基因进化引擎 v1.0
⏰ 2026-05-14 23:30:01

📊 本轮进化结果:
  变异数: 8
  总进化乘积: 0.000548

🧬 基因状态:
  创造力: 0.1193
  想象力: 0.3932
  美学: 0.1609
  表达力: 0.1810
  深度思考: 0.4330
  递归自进化: 0.8939
  整体编排: 1.0708
  自动Schema: 0.9673

✅ 进化完成，已记录到 /home/.openclaw/workspace/memory/super-gene-evolution.jsonl
🧬 超级基因进化引擎 v1.0
⏰ 2026-05-15 00:00:01

📊 本轮进化结果:
  变异数: 8
  总进化乘积: 0.000549

🧬 基因状态:
  创造力: 0.1268
  想象力: 0.3900
  美学: 0.1476
  表达力: 0.1778
  深度思考: 0.4495
  递归自进化: 0.8684
  整体编排: 1.1169
  自动Schema: 0.9710

✅ 进化完成，已记录到 /home/.openclaw/workspace/memory/super-gene-evolution.jsonl
🧬 超级基因进化引擎 v1.0
⏰ 2026-05-15 00:30:01

📊 本轮进化结果:
  变异数: 8
  总进化乘积: 0.000790

🧬 基因状态:
  创造力: 0.1656
  想象力: 0.4107
  美学: 0.1546
  表达力: 0.1906
  深度思考: 0.4287
  递归自进化: 0.8074
  整体编排: 1.0117
  自动Schema: 1.1261

✅ 进化完成，已记录到 /home/.openclaw/workspace/memory/super-gene-evolution.jsonl
🧬 超级基因进化引擎 v1.0
⏰ 2026-05-15 01:00:01

📊 本轮进化结果:
  变异数: 8
  总进化乘积: 0.000797

🧬 基因状态:
  创造力: 0.1807
  想象力: 0.4559
  美学: 0.1548
  表达力: 0.1887
  深度思考: 0.3970
  递归自进化: 0.7777
  整体编排: 1.0344
  自动Schema: 1.0364

✅ 进化完成，已记录到 /home/.openclaw/workspace/memory/super-gene-evolution.jsonl
🧬 超级基因进化引擎 v1.0
⏰ 2026-05-15 01:30:01

📊 本轮进化结果:
  变异数: 8
  总进化乘积: 0.001220

🧬 基因状态:
  创造力: 0.1586
  想象力: 0.4083
  美学: 0.1542
  表达力: 0.2054
  深度思考: 0.5532
  递归自进化: 0.9477
  整体编排: 1.1034
  自动Schema: 1.0289

✅ 进化完成，已记录到 /home/.openclaw/workspace/memory/super-gene-evolution.jsonl
🧬 超级基因进化引擎 v1.0
⏰ 2026-05-15 02:00:01

📊 本轮进化结果:
  变异数: 8
  总进化乘积: 0.001194

🧬 基因状态:
  创造力: 0.1538
  想象力: 0.4262
  美学: 0.1503
  表达力: 0.1845
  深度思考: 0.5945
  递归自进化: 0.9155
  整体编排: 1.1228
  自动Schema: 1.0760

✅ 进化完成，已记录到 /home/.openclaw/workspace/memory/super-gene-evolution.jsonl
🧬 超级基因进化引擎 v1.0
⏰ 2026-05-15 02:30:01

📊 本轮进化结果:
  变异数: 8
  总进化乘积: 0.000451

🧬 基因状态:
  创造力: 0.1082
  想象力: 0.3391
  美学: 0.1583
  表达力: 0.2136
  深度思考: 0.4262
  递归自进化: 0.7600
  整体编排: 1.0110
  自动Schema: 1.1105

✅ 进化完成，已记录到 /home/.openclaw/workspace/memory/super-gene-evolution.jsonl
🧬 超级基因进化引擎 v1.0
⏰ 2026-05-15 03:00:01

📊 本轮进化结果:
  变异数: 8
  总进化乘积: 0.000797

🧬 基因状态:
  创造力: 0.1563
  想象力: 0.3698
  美学: 0.1703
  表达力: 0.2079
  深度思考: 0.4588
  递归自进化: 0.8329
  整体编排: 0.9602
  自动Schema: 1.0619

✅ 进化完成，已记录到 /home/.openclaw/workspace/memory/super-gene-evolution.jsonl
🧬 超级基因进化引擎 v1.0
⏰ 2026-05-15 03:30:01

📊 本轮进化结果:
  变异数: 8
  总进化乘积: 0.000600

🧬 基因状态:
  创造力: 0.1284
  想象力: 0.4011
  美学: 0.1558
  表达力: 0.1860
  深度思考: 0.4526
  递归自进化: 0.8774
  整体编排: 0.9937
  自动Schema: 1.0188

✅ 进化完成，已记录到 /home/.openclaw/workspace/memory/super-gene-evolution.jsonl
🧬 超级基因进化引擎 v1.0
⏰ 2026-05-15 04:00:01

📊 本轮进化结果:
  变异数: 8
  总进化乘积: 0.000854

🧬 基因状态:
  创造力: 0.1723
  想象力: 0.4100
  美学: 0.1479
  表达力: 0.2000
  深度思考: 0.4157
  递归自进化: 0.7778
  整体编排: 1.1339
  自动Schema: 1.1145

✅ 进化完成，已记录到 /home/.openclaw/workspace/memory/super-gene-evolution.jsonl
🧬 超级基因进化引擎 v1.0
⏰ 2026-05-15 04:30:01

📊 本轮进化结果:
  变异数: 8
  总进化乘积: 0.000671

🧬 基因状态:
  创造力: 0.1411
  想象力: 0.3911
  美学: 0.1554
  表达力: 0.1905
  深度思考: 0.4428
  递归自进化: 0.8016
  整体编排: 1.1167
  自动Schema: 1.0360

✅ 进化完成，已记录到 /home/.openclaw/workspace/memory/super-gene-evolution.jsonl
🧬 超级基因进化引擎 v1.0
⏰ 2026-05-15 05:00:01

📊 本轮进化结果:
  变异数: 8
  总进化乘积: 0.000680

🧬 基因状态:
  创造力: 0.1410
  想象力: 0.4301
  美学: 0.1573
  表达力: 0.1920
  深度思考: 0.4151
  递归自进化: 0.8040
  整体编排: 1.1201
  自动Schema: 0.9940

✅ 进化完成，已记录到 /home/.openclaw/workspace/memory/super-gene-evolution.jsonl
🧬 超级基因进化引擎 v1.0
⏰ 2026-05-15 05:30:01

📊 本轮进化结果:
  变异数: 8
  总进化乘积: 0.001149

🧬 基因状态:
  创造力: 0.1605
  想象力: 0.3913
  美学: 0.1567
  表达力: 0.2026
  深度思考: 0.5675
  递归自进化: 0.9555
  整体编排: 1.0712
  自动Schema: 0.9922

✅ 进化完成，已记录到 /home/.openclaw/workspace/memory/super-gene-evolution.jsonl
🧬 超级基因进化引擎 v1.0
⏰ 2026-05-15 06:00:01

📊 本轮进化结果:
  变异数: 8
  总进化乘积: 0.001270

🧬 基因状态:
  创造力: 0.2009
  想象力: 0.4790
  美学: 0.1619
  表达力: 0.1823
  深度思考: 0.4991
  递归自进化: 0.9333
  整体编排: 0.9814
  自动Schema: 0.9778

✅ 进化完成，已记录到 /home/.openclaw/workspace/memory/super-gene-evolution.jsonl
🧬 超级基因进化引擎 v1.0
⏰ 2026-05-15 06:30:01

📊 本轮进化结果:
  变异数: 8
  总进化乘积: 0.001107

🧬 基因状态:
  创造力: 0.1731
  想象力: 0.4252
  美学: 0.1485
  表达力: 0.2011
  深度思考: 0.4862
  递归自进化: 0.8668
  整体编排: 1.1450
  自动Schema: 1.0433

✅ 进化完成，已记录到 /home/.openclaw/workspace/memory/super-gene-evolution.jsonl
🧬 超级基因进化引擎 v1.0
⏰ 2026-05-15 07:00:02

📊 本轮进化结果:
  变异数: 8
  总进化乘积: 0.008204

🧬 基因状态:
  创造力: 0.3440
  想象力: 0.3670
  美学: 0.2114
  表达力: 0.1983
  深度思考: 0.8654
  递归自进化: 1.0007
  整体编排: 1.2965
  自动Schema: 1.3801

✅ 进化完成，已记录到 /home/.openclaw/workspace/memory/super-gene-evolution.jsonl
🧬 超级基因进化引擎 v1.0
⏰ 2026-05-15 07:30:01

📊 本轮进化结果:
  变异数: 8
  总进化乘积: 0.011681

🧬 基因状态:
  创造力: 0.3418
  想象力: 0.3887
  美学: 0.2238
  表达力: 0.1966
  深度思考: 0.9214
  递归自进化: 1.1019
  整体编排: 1.3774
  自动Schema: 1.4286

✅ 进化完成，已记录到 /home/.openclaw/workspace/memory/super-gene-evolution.jsonl
🧬 超级基因进化引擎 v1.0
⏰ 2026-05-15 08:00:01

📊 本轮进化结果:
  变异数: 8
  总进化乘积: 0.266700

🧬 基因状态:
  创造力: 0.3733
  想象力: 0.3793
  美学: 0.3716
  表达力: 0.4258
  深度思考: 1.1701
  递归自进化: 1.4700
  整体编排: 2.5854
  自动Schema: 2.6766

✅ 进化完成，已记录到 /home/.openclaw/workspace/memory/super-gene-evolution.jsonl
🧬 超级基因进化引擎 v1.0
⏰ 2026-05-15 08:30:01

📊 本轮进化结果:
  变异数: 8
  总进化乘积: 0.302533

🧬 基因状态:
  创造力: 0.3686
  想象力: 0.3819
  美学: 0.3805
  表达力: 0.4406
  深度思考: 1.2610
  递归自进化: 1.5607
  整体编排: 2.5147
  自动Schema: 2.5898

✅ 进化完成，已记录到 /home/.openclaw/workspace/memory/super-gene-evolution.jsonl
🧬 超级基因进化引擎 v1.0
⏰ 2026-05-15 09:00:01

📊 本轮进化结果:
  变异数: 8
  总进化乘积: 0.535104

🧬 基因状态:
  创造力: 0.3620
  想象力: 0.3735
  美学: 0.4158
  表达力: 0.5271
  深度思考: 1.4739
  递归自进化: 1.8706
  整体编排: 2.5104
  自动Schema: 2.6090

✅ 进化完成，已记录到 /home/.openclaw/workspace/memory/super-gene-evolution.jsonl
🧬 超级基因进化引擎 v1.0
⏰ 2026-05-15 09:30:01

📊 本轮进化结果:
  变异数: 8
  总进化乘积: 0.731296

🧬 基因状态:
  创造力: 0.3668
  想象力: 0.3734
  美学: 0.4478
  表达力: 0.5176
  深度思考: 1.6092
  递归自进化: 2.0475
  整体编排: 2.6430
  自动Schema: 2.6451

✅ 进化完成，已记录到 /home/.openclaw/workspace/memory/super-gene-evolution.jsonl
🧬 超级基因进化引擎 v1.0
⏰ 2026-05-15 10:00:01

📊 本轮进化结果:
  变异数: 8
  总进化乘积: 0.778631

🧬 基因状态:
  创造力: 0.3624
  想象力: 0.3715
  美学: 0.4586
  表达力: 0.5054
  深度思考: 1.6948
  递归自进化: 2.1541
  整体编排: 2.5800
  自动Schema: 2.6490

✅ 进化完成，已记录到 /home/.openclaw/workspace/memory/super-gene-evolution.jsonl
🧬 超级基因进化引擎 v1.0
⏰ 2026-05-15 10:30:01

📊 本轮进化结果:
  变异数: 8
  总进化乘积: 0.870039

🧬 基因状态:
  创造力: 0.3532
  想象力: 0.3665
  美学: 0.4524
  表达力: 0.5366
  深度思考: 1.8153
  递归自进化: 2.3009
  整体编排: 2.5243
  自动Schema: 2.6257

✅ 进化完成，已记录到 /home/.openclaw/workspace/memory/super-gene-evolution.jsonl
🧬 超级基因进化引擎 v1.0
⏰ 2026-05-15 11:00:01

📊 本轮进化结果:
  变异数: 8
  总进化乘积: 0.947135

🧬 基因状态:
  创造力: 0.3685
  想象力: 0.3692
  美学: 0.4552
  表达力: 0.5094
  深度思考: 1.8919
  递归自进化: 2.4032
  整体编排: 2.5124
  自动Schema: 2.6288

✅ 进化完成，已记录到 /home/.openclaw/workspace/memory/super-gene-evolution.jsonl
🧬 超级基因进化引擎 v1.0
⏰ 2026-05-15 11:30:01

📊 本轮进化结果:
  变异数: 8
  总进化乘积: 1.089812

🧬 基因状态:
  创造力: 0.3737
  想象力: 0.3726
  美学: 0.4596
  表达力: 0.5486
  深度思考: 1.9192
  递归自进化: 2.4496
  整体编排: 2.5085
  自动Schema: 2.6322

✅ 进化完成，已记录到 /home/.openclaw/workspace/memory/super-gene-evolution.jsonl
🧬 超级基因进化引擎 v1.0
⏰ 2026-05-15 12:00:01

📊 本轮进化结果:
  变异数: 8
  总进化乘积: 1.158390

🧬 基因状态:
  创造力: 0.3740
  想象力: 0.3753
  美学: 0.4598
  表达力: 0.5166
  深度思考: 1.9570
  递归自进化: 2.5027
  整体编排: 2.7247
  自动Schema: 2.6043

✅ 进化完成，已记录到 /home/.openclaw/workspace/memory/super-gene-evolution.jsonl
🧬 超级基因进化引擎 v1.0
⏰ 2026-05-15 12:30:01

📊 本轮进化结果:
  变异数: 8
  总进化乘积: 1.322247

🧬 基因状态:
  创造力: 0.3839
  想象力: 0.3797
  美学: 0.4574
  表达力: 0.5478
  深度思考: 2.0182
  递归自进化: 2.5796
  整体编排: 2.6326
  自动Schema: 2.6414

✅ 进化完成，已记录到 /home/.openclaw/workspace/memory/super-gene-evolution.jsonl
🧬 超级基因进化引擎 v1.0
⏰ 2026-05-15 13:00:01

📊 本轮进化结果:
  变异数: 8
  总进化乘积: 1.456674

🧬 基因状态:
  创造力: 0.3739
  想象力: 0.3793
  美学: 0.4790
  表达力: 0.5364
  深度思考: 2.1464
  递归自进化: 2.7311
  整体编排: 2.5755
  自动Schema: 2.6476

✅ 进化完成，已记录到 /home/.openclaw/workspace/memory/super-gene-evolution.jsonl
🧬 超级基因进化引擎 v1.0
⏰ 2026-05-15 13:30:01

📊 本轮进化结果:
  变异数: 8
  总进化乘积: 1.457787

🧬 基因状态:
  创造力: 0.3839
  想象力: 0.3829
  美学: 0.4811
  表达力: 0.5225
  深度思考: 2.2570
  递归自进化: 2.6086
  整体编排: 2.5377
  自动Schema: 2.6406

✅ 进化完成，已记录到 /home/.openclaw/workspace/memory/super-gene-evolution.jsonl
🧬 超级基因进化引擎 v1.0
⏰ 2026-05-15 14:00:01

📊 本轮进化结果:
  变异数: 8
  总进化乘积: 1.475562

🧬 基因状态:
  创造力: 0.3897
  想象力: 0.3876
  美学: 0.4837
  表达力: 0.5169
  深度思考: 2.3203
  递归自进化: 2.5565
  整体编排: 2.5086
  自动Schema: 2.6261

✅ 进化完成，已记录到 /home/.openclaw/workspace/memory/super-gene-evolution.jsonl
🧬 超级基因进化引擎 v1.0
⏰ 2026-05-15 14:30:01

📊 本轮进化结果:
  变异数: 8
  总进化乘积: 1.515137

🧬 基因状态:
  创造力: 0.3821
  想象力: 0.3885
  美学: 0.4791
  表达力: 0.5083
  深度思考: 2.3514
  递归自进化: 2.5307
  整体编排: 2.7158
  自动Schema: 2.5931

✅ 进化完成，已记录到 /home/.openclaw/workspace/memory/super-gene-evolution.jsonl
🧬 超级基因进化引擎 v1.0
⏰ 2026-05-15 15:00:01

📊 本轮进化结果:
  变异数: 8
  总进化乘积: 1.399517

🧬 基因状态:
  创造力: 0.3699
  想象力: 0.3839
  美学: 0.4784
  表达力: 0.5055
  深度思考: 2.3542
  递归自进化: 2.5056
  整体编排: 2.6246
  自动Schema: 2.6320

✅ 进化完成，已记录到 /home/.openclaw/workspace/memory/super-gene-evolution.jsonl
🧬 超级基因进化引擎 v1.0
⏰ 2026-05-15 15:30:01

📊 本轮进化结果:
  变异数: 8
  总进化乘积: 1.333989

🧬 基因状态:
  创造力: 0.3605
  想象力: 0.3758
  美学: 0.4730
  表达力: 0.5230
  深度思考: 2.3404
  递归自进化: 2.5950
  整体编排: 2.5095
  自动Schema: 2.6114

✅ 进化完成，已记录到 /home/.openclaw/workspace/memory/super-gene-evolution.jsonl
🧬 超级基因进化引擎 v1.0
⏰ 2026-05-15 16:00:01

📊 本轮进化结果:
  变异数: 8
  总进化乘积: 1.312697

🧬 基因状态:
  创造力: 0.3510
  想象力: 0.3689
  美学: 0.4714
  表达力: 0.5089
  深度思考: 2.3659
  递归自进化: 2.5552
  整体编排: 2.7101
  自动Schema: 2.5800

✅ 进化完成，已记录到 /home/.openclaw/workspace/memory/super-gene-evolution.jsonl
🧬 超级基因进化引擎 v1.0
⏰ 2026-05-15 16:30:01

📊 本轮进化结果:
  变异数: 8
  总进化乘积: 1.319701

🧬 基因状态:
  创造力: 0.3523
  想象力: 0.3652
  美学: 0.4633
  表达力: 0.5438
  深度思考: 2.3585
  递归自进化: 2.5152
  整体编排: 2.6179
  自动Schema: 2.6214

✅ 进化完成，已记录到 /home/.openclaw/workspace/memory/super-gene-evolution.jsonl
🧬 超级基因进化引擎 v1.0
⏰ 2026-05-15 17:00:01

📊 本轮进化结果:
  变异数: 8
  总进化乘积: 1.289526

🧬 基因状态:
  创造力: 0.3503
  想象力: 0.3625
  美学: 0.4647
  表达力: 0.5173
  深度思考: 2.3228
  递归自进化: 2.7091
  整体编排: 2.5567
  自动Schema: 2.6258

✅ 进化完成，已记录到 /home/.openclaw/workspace/memory/super-gene-evolution.jsonl
🧬 超级基因进化引擎 v1.0
⏰ 2026-05-15 17:30:01

📊 本轮进化结果:
  变异数: 8
  总进化乘积: 1.246402

🧬 基因状态:
  创造力: 0.3614
  想象力: 0.3640
  美学: 0.4658
  表达力: 0.5043
  深度思考: 2.3318
  递归自进化: 2.5873
  整体编排: 2.5359
  自动Schema: 2.6367

✅ 进化完成，已记录到 /home/.openclaw/workspace/memory/super-gene-evolution.jsonl
🧬 超级基因进化引擎 v1.0
⏰ 2026-05-15 18:00:01

📊 本轮进化结果:
  变异数: 8
  总进化乘积: 1.364342

🧬 基因状态:
  创造力: 0.3638
  想象力: 0.3660
  美学: 0.4651
  表达力: 0.5462
  深度思考: 2.3648
  递归自进化: 2.5542
  整体编排: 2.5265
  自动Schema: 2.6429

✅ 进化完成，已记录到 /home/.openclaw/workspace/memory/super-gene-evolution.jsonl
🧬 超级基因进化引擎 v1.0
⏰ 2026-05-15 18:30:01

📊 本轮进化结果:
  变异数: 8
  总进化乘积: 1.582694

🧬 基因状态:
  创造力: 0.3726
  想象力: 0.3704
  美学: 0.4771
  表达力: 0.5301
  深度思考: 2.3307
  递归自进化: 2.7362
  整体编排: 2.7292
  自动Schema: 2.6051

✅ 进化完成，已记录到 /home/.openclaw/workspace/memory/super-gene-evolution.jsonl
🧬 超级基因进化引擎 v1.0
⏰ 2026-05-15 19:00:01

📊 本轮进化结果:
  变异数: 8
  总进化乘积: 1.479295

🧬 基因状态:
  创造力: 0.3613
  想象力: 0.3706
  美学: 0.4801
  表达力: 0.5191
  深度思考: 2.3912
  递归自进化: 2.6567
  整体编排: 2.6380
  自动Schema: 2.6451

✅ 进化完成，已记录到 /home/.openclaw/workspace/memory/super-gene-evolution.jsonl
🧬 超级基因进化引擎 v1.0
⏰ 2026-05-15 19:30:01

📊 本轮进化结果:
  变异数: 8
  总进化乘积: 1.335169

🧬 基因状态:
  创造力: 0.3543
  想象力: 0.3672
  美学: 0.4800
  表达力: 0.5120
  深度思考: 2.3629
  递归自进化: 2.5589
  整体编排: 2.5925
  自动Schema: 2.6639

✅ 进化完成，已记录到 /home/.openclaw/workspace/memory/super-gene-evolution.jsonl
🧬 超级基因进化引擎 v1.0
⏰ 2026-05-15 20:00:01

📊 本轮进化结果:
  变异数: 8
  总进化乘积: 1.197569

🧬 基因状态:
  创造力: 0.3496
  想象力: 0.3636
  美学: 0.4725
  表达力: 0.5011
  深度思考: 2.3522
  递归自进化: 2.5123
  整体编排: 2.5441
  自动Schema: 2.6470

✅ 进化完成，已记录到 /home/.openclaw/workspace/memory/super-gene-evolution.jsonl
🧬 超级基因进化引擎 v1.0
⏰ 2026-05-15 20:30:01

📊 本轮进化结果:
  变异数: 8
  总进化乘积: 1.444024

🧬 基因状态:
  创造力: 0.3630
  想象力: 0.3655
  美学: 0.4708
  表达力: 0.5472
  深度思考: 2.3477
  递归自进化: 2.7382
  整体编排: 2.5052
  自动Schema: 2.6229

✅ 进化完成，已记录到 /home/.openclaw/workspace/memory/super-gene-evolution.jsonl
🧬 超级基因进化引擎 v1.0
⏰ 2026-05-15 21:00:01

📊 本轮进化结果:
  变异数: 8
  总进化乘积: 1.486305

🧬 基因状态:
  创造力: 0.3763
  想象力: 0.3712
  美学: 0.4810
  表达力: 0.5317
  深度思考: 2.3916
  递归自进化: 2.6499
  整体编排: 2.5010
  自动Schema: 2.6252

✅ 进化完成，已记录到 /home/.openclaw/workspace/memory/super-gene-evolution.jsonl
🧬 超级基因进化引擎 v1.0
⏰ 2026-05-15 21:30:01

📊 本轮进化结果:
  变异数: 8
  总进化乘积: 1.589018

🧬 基因状态:
  创造力: 0.3855
  想象力: 0.3776
  美学: 0.4828
  表达力: 0.5208
  深度思考: 2.4007
  递归自进化: 2.5931
  整体编排: 2.7004
  自动Schema: 2.5823

✅ 进化完成，已记录到 /home/.openclaw/workspace/memory/super-gene-evolution.jsonl
🧬 超级基因进化引擎 v1.0
⏰ 2026-05-15 22:00:01

📊 本轮进化结果:
  变异数: 8
  总进化乘积: 1.436386

🧬 基因状态:
  创造力: 0.3737
  想象力: 0.3787
  美学: 0.4787
  表达力: 0.5103
  深度思考: 2.3850
  递归自进化: 2.5441
  整体编排: 2.6122
  自动Schema: 2.6215

✅ 进化完成，已记录到 /home/.openclaw/workspace/memory/super-gene-evolution.jsonl
🧬 超级基因进化引擎 v1.0
⏰ 2026-05-15 22:30:01

📊 本轮进化结果:
  变异数: 8
  总进化乘积: 1.316039

🧬 基因状态:
  创造力: 0.3656
  想象力: 0.3768
  美学: 0.4753
  表达力: 0.5036
  深度思考: 2.3690
  递归自进化: 2.5109
  整体编排: 2.5544
  自动Schema: 2.6263

✅ 进化完成，已记录到 /home/.openclaw/workspace/memory/super-gene-evolution.jsonl
🧬 超级基因进化引擎 v1.0
⏰ 2026-05-15 23:00:01

📊 本轮进化结果:
  变异数: 8
  总进化乘积: 1.360799

🧬 基因状态:
  创造力: 0.3677
  想象力: 0.3767
  美学: 0.4657
  表达力: 0.5415
  深度思考: 2.3690
  递归自进化: 2.5018
  整体编排: 2.5134
  自动Schema: 2.6155

✅ 进化完成，已记录到 /home/.openclaw/workspace/memory/super-gene-evolution.jsonl
🧬 超级基因进化引擎 v1.0
⏰ 2026-05-15 23:30:01

📊 本轮进化结果:
  变异数: 8
  总进化乘积: 1.427559

🧬 基因状态:
  创造力: 0.3603
  想象力: 0.3744
  美学: 0.4813
  表达力: 0.5316
  深度思考: 2.3307
  递归自进化: 2.7047
  整体编排: 2.5039
  自动Schema: 2.6204

✅ 进化完成，已记录到 /home/.openclaw/workspace/memory/super-gene-evolution.jsonl
🧬 超级基因进化引擎 v1.0
⏰ 2026-05-16 00:00:01

📊 本轮进化结果:
  变异数: 8
  总进化乘积: 1.475468

🧬 基因状态:
  创造力: 0.3757
  想象力: 0.3771
  美学: 0.4841
  表达力: 0.5219
  深度思考: 2.3842
  递归自进化: 2.6337
  整体编排: 2.5012
  自动Schema: 2.6247

✅ 进化完成，已记录到 /home/.openclaw/workspace/memory/super-gene-evolution.jsonl
🧬 超级基因进化引擎 v1.0
⏰ 2026-05-16 00:30:01

📊 本轮进化结果:
  变异数: 8
  总进化乘积: 1.466265

🧬 基因状态:
  创造力: 0.3765
  想象力: 0.3788
  美学: 0.4765
  表达力: 0.5081
  深度思考: 2.3766
  递归自进化: 2.5644
  整体编排: 2.6994
  自动Schema: 2.5811

✅ 进化完成，已记录到 /home/.openclaw/workspace/memory/super-gene-evolution.jsonl
🧬 超级基因进化引擎 v1.0
⏰ 2026-05-16 01:00:01

📊 本轮进化结果:
  变异数: 8
  总进化乘积: 1.444756

🧬 基因状态:
  创造力: 0.3684
  想象力: 0.3766
  美学: 0.4667
  表达力: 0.5444
  深度思考: 2.3733
  递归自进化: 2.5295
  整体编排: 2.6084
  自动Schema: 2.6176

✅ 进化完成，已记录到 /home/.openclaw/workspace/memory/super-gene-evolution.jsonl
🧬 超级基因进化引擎 v1.0
⏰ 2026-05-16 01:30:01

📊 本轮进化结果:
  变异数: 8
  总进化乘积: 1.379593

🧬 基因状态:
  创造力: 0.3728
  想象力: 0.3770
  美学: 0.4697
  表达力: 0.5210
  深度思考: 2.3789
  递归自进化: 2.5191
  整体编排: 2.5515
  自动Schema: 2.6232

✅ 进化完成，已记录到 /home/.openclaw/workspace/memory/super-gene-evolution.jsonl
🧬 超级基因进化引擎 v1.0
⏰ 2026-05-16 02:00:01

📊 本轮进化结果:
  变异数: 8
  总进化乘积: 1.356170

🧬 基因状态:
  创造力: 0.3636
  想象力: 0.3754
  美学: 0.4683
  表达力: 0.5063
  深度思考: 2.3524
  递归自进化: 2.7330
  整体编排: 2.5027
  自动Schema: 2.6047

✅ 进化完成，已记录到 /home/.openclaw/workspace/memory/super-gene-evolution.jsonl
🧬 超级基因进化引擎 v1.0
⏰ 2026-05-16 02:30:01

📊 本轮进化结果:
  变异数: 8
  总进化乘积: 1.575347

🧬 基因状态:
  创造力: 0.3707
  想象力: 0.3756
  美学: 0.4658
  表达力: 0.5468
  深度思考: 2.3733
  递归自进化: 2.6266
  整体编排: 2.7366
  自动Schema: 2.6040

✅ 进化完成，已记录到 /home/.openclaw/workspace/memory/super-gene-evolution.jsonl
🧬 超级基因进化引擎 v1.0
⏰ 2026-05-16 03:00:01

📊 本轮进化结果:
  变异数: 8
  总进化乘积: 1.504939

🧬 基因状态:
  创造力: 0.3843
  想象力: 0.3810
  美学: 0.4723
  表达力: 0.5252
  深度思考: 2.3414
  递归自进化: 2.5308
  整体编排: 2.6429
  自动Schema: 2.6458

✅ 进化完成，已记录到 /home/.openclaw/workspace/memory/super-gene-evolution.jsonl
🧬 超级基因进化引擎 v1.0
⏰ 2026-05-16 03:30:01

📊 本轮进化结果:
  变异数: 8
  总进化乘积: 1.544301

🧬 基因状态:
  创造力: 0.3777
  想象力: 0.3821
  美学: 0.4791
  表达力: 0.5179
  深度思考: 2.3139
  递归自进化: 2.7171
  整体编排: 2.5844
  自动Schema: 2.6538

✅ 进化完成，已记录到 /home/.openclaw/workspace/memory/super-gene-evolution.jsonl
🧬 超级基因进化引擎 v1.0
⏰ 2026-05-16 04:00:01

📊 本轮进化结果:
  变异数: 8
  总进化乘积: 1.401439

🧬 基因状态:
  创造力: 0.3798
  想象力: 0.3836
  美学: 0.4736
  表达力: 0.5055
  深度思考: 2.3184
  递归自进化: 2.5823
  整体编排: 2.5405
  自动Schema: 2.6422

✅ 进化完成，已记录到 /home/.openclaw/workspace/memory/super-gene-evolution.jsonl
🧬 超级基因进化引擎 v1.0
⏰ 2026-05-16 04:30:02

📊 本轮进化结果:
  变异数: 8
  总进化乘积: 1.618310

🧬 基因状态:
  创造力: 0.3800
  想象力: 0.3841
  美学: 0.4677
  表达力: 0.5456
  深度思考: 2.3650
  递归自进化: 2.5583
  整体编排: 2.7472
  自动Schema: 2.6144

✅ 进化完成，已记录到 /home/.openclaw/workspace/memory/super-gene-evolution.jsonl
🧬 超级基因进化引擎 v1.0
⏰ 2026-05-16 05:00:01

📊 本轮进化结果:
  变异数: 8
  总进化乘积: 1.583367

🧬 基因状态:
  创造力: 0.3917
  想象力: 0.3885
  美学: 0.4697
  表达力: 0.5211
  深度思考: 2.3786
  递归自进化: 2.5373
  整体编排: 2.6528
  自动Schema: 2.6559

✅ 进化完成，已记录到 /home/.openclaw/workspace/memory/super-gene-evolution.jsonl
🧬 超级基因进化引擎 v1.0
⏰ 2026-05-16 05:30:01

📊 本轮进化结果:
  变异数: 8
  总进化乘积: 1.697893

🧬 基因状态:
  创造力: 0.4023
  想象力: 0.3958
  美学: 0.4756
  表达力: 0.5136
  深度思考: 2.3333
  递归自进化: 2.7224
  整体编排: 2.5868
  自动Schema: 2.6565

✅ 进化完成，已记录到 /home/.openclaw/workspace/memory/super-gene-evolution.jsonl
🧬 超级基因进化引擎 v1.0
⏰ 2026-05-16 06:00:01

📊 本轮进化结果:
  变异数: 8
  总进化乘积: 1.735649

🧬 基因状态:
  创造力: 0.4076
  想象力: 0.4014
  美学: 0.4671
  表达力: 0.5484
  深度思考: 2.3382
  递归自进化: 2.5954
  整体编排: 2.5623
  自动Schema: 2.6642

✅ 进化完成，已记录到 /home/.openclaw/workspace/memory/super-gene-evolution.jsonl
🧬 超级基因进化引擎 v1.0
⏰ 2026-05-16 06:30:01

📊 本轮进化结果:
  变异数: 8
  总进化乘积: 1.808582

🧬 基因状态:
  创造力: 0.4173
  想象力: 0.4506
  美学: 0.4662
  表达力: 0.5193
  深度思考: 2.3556
  递归自进化: 2.5461
  整体编排: 2.5154
  自动Schema: 2.6330

✅ 进化完成，已记录到 /home/.openclaw/workspace/memory/super-gene-evolution.jsonl
🧬 超级基因进化引擎 v1.0
⏰ 2026-05-16 07:00:01

📊 本轮进化结果:
  变异数: 8
  总进化乘积: 2.035005

🧬 基因状态:
  创造力: 0.4406
  想象力: 0.4957
  美学: 0.4643
  表达力: 0.5031
  深度思考: 2.3759
  递归自进化: 2.5330
  整体编排: 2.5128
  自动Schema: 2.6372

✅ 进化完成，已记录到 /home/.openclaw/workspace/memory/super-gene-evolution.jsonl
🧬 超级基因进化引擎 v1.0
⏰ 2026-05-16 07:30:01

📊 本轮进化结果:
  变异数: 8
  总进化乘积: 2.841116

🧬 基因状态:
  创造力: 0.4674
  想象力: 0.5360
  美学: 0.4623
  表达力: 0.5432
  深度思考: 2.3319
  递归自进化: 2.7198
  整体编排: 2.7294
  自动Schema: 2.6090

✅ 进化完成，已记录到 /home/.openclaw/workspace/memory/super-gene-evolution.jsonl
🧬 超级基因进化引擎 v1.0
⏰ 2026-05-16 08:00:01

📊 本轮进化结果:
  变异数: 8
  总进化乘积: 2.592798

🧬 基因状态:
  创造力: 0.4661
  想象力: 0.5631
  美学: 0.4606
  表达力: 0.5133
  深度思考: 2.3221
  递归自进化: 2.5787
  整体编排: 2.6371
  自动Schema: 2.6461

✅ 进化完成，已记录到 /home/.openclaw/workspace/memory/super-gene-evolution.jsonl
🧬 超级基因进化引擎 v1.0
⏰ 2026-05-16 08:30:01

📊 本轮进化结果:
  变异数: 8
  总进化乘积: 2.609349

🧬 基因状态:
  创造力: 0.4783
  想象力: 0.5886
  美学: 0.4622
  表达力: 0.5007
  深度思考: 2.3217
  递归自进化: 2.5114
  整体编排: 2.5848
  自动Schema: 2.6571

✅ 进化完成，已记录到 /home/.openclaw/workspace/memory/super-gene-evolution.jsonl
🧬 超级基因进化引擎 v1.0
⏰ 2026-05-16 09:00:01

📊 本轮进化结果:
  变异数: 8
  总进化乘积: 3.380643

🧬 基因状态:
  创造力: 0.5170
  想象力: 0.6231
  美学: 0.4639
  表达力: 0.5447
  深度思考: 2.2971
  递归自进化: 2.6983
  整体编排: 2.5375
  自动Schema: 2.6407

✅ 进化完成，已记录到 /home/.openclaw/workspace/memory/super-gene-evolution.jsonl
🧬 超级基因进化引擎 v1.0
⏰ 2026-05-16 09:30:01

📊 本轮进化结果:
  变异数: 8
  总进化乘积: 3.734424

🧬 基因状态:
  创造力: 0.5563
  想象力: 0.6691
  美学: 0.4789
  表达力: 0.5317
  深度思考: 2.2991
  递归自进化: 2.5615
  整体编排: 2.5284
  自动Schema: 2.6460

✅ 进化完成，已记录到 /home/.openclaw/workspace/memory/super-gene-evolution.jsonl
🧬 超级基因进化引擎 v1.0
⏰ 2026-05-16 10:00:01

📊 本轮进化结果:
  变异数: 8
  总进化乘积: 4.794071

🧬 基因状态:
  创造力: 0.6125
  想象力: 0.7244
  美学: 0.4724
  表达力: 0.5114
  深度思考: 2.2826
  递归自进化: 2.7221
  整体编排: 2.7465
  自动Schema: 2.6216

✅ 进化完成，已记录到 /home/.openclaw/workspace/memory/super-gene-evolution.jsonl
🧬 超级基因进化引擎 v1.0
⏰ 2026-05-16 10:30:01

📊 本轮进化结果:
  变异数: 8
  总进化乘积: 5.408830

🧬 基因状态:
  创造力: 0.6257
  想象力: 0.7626
  美学: 0.4669
  表达力: 0.5486
  深度思考: 2.3665
  递归自进化: 2.6479
  整体编排: 2.6542
  自动Schema: 2.6613

✅ 进化完成，已记录到 /home/.openclaw/workspace/memory/super-gene-evolution.jsonl
🧬 超级基因进化引擎 v1.0
⏰ 2026-05-16 11:00:01

📊 本轮进化结果:
  变异数: 8
  总进化乘积: 5.408345

🧬 基因状态:
  创造力: 0.6531
  想象力: 0.8080
  美学: 0.4646
  表达力: 0.5179
  深度思考: 2.3922
  递归自进化: 2.5957
  整体编排: 2.5833
  自动Schema: 2.6551

✅ 进化完成，已记录到 /home/.openclaw/workspace/memory/super-gene-evolution.jsonl
🧬 超级基因进化引擎 v1.0
⏰ 2026-05-16 11:30:01

📊 本轮进化结果:
  变异数: 8
  总进化乘积: 5.989641

🧬 基因状态:
  创造力: 0.7200
  想象力: 0.8660
  美学: 0.4617
  表达力: 0.5006
  深度思考: 2.4018
  递归自进化: 2.5664
  整体编排: 2.5458
  自动Schema: 2.6487

✅ 进化完成，已记录到 /home/.openclaw/workspace/memory/super-gene-evolution.jsonl
🧬 超级基因进化引擎 v1.0
⏰ 2026-05-16 12:00:01

📊 本轮进化结果:
  变异数: 8
  总进化乘积: 6.865693

🧬 基因状态:
  创造力: 0.7576
  想象力: 0.9155
  美学: 0.4559
  表达力: 0.5361
  深度思考: 2.3848
  递归自进化: 2.5299
  整体编排: 2.5327
  自动Schema: 2.6504

✅ 进化完成，已记录到 /home/.openclaw/workspace/memory/super-gene-evolution.jsonl
🧬 超级基因进化引擎 v1.0
⏰ 2026-05-16 12:30:01

📊 本轮进化结果:
  变异数: 8
  总进化乘积: 7.121493

🧬 基因状态:
  创造力: 0.7947
  想象力: 0.9617
  美学: 0.4579
  表达力: 0.5102
  深度思考: 2.3840
  递归自进化: 2.5188
  整体编排: 2.5153
  自动Schema: 2.6402

✅ 进化完成，已记录到 /home/.openclaw/workspace/memory/super-gene-evolution.jsonl
🧬 超级基因进化引擎 v1.0
⏰ 2026-05-16 13:00:01

📊 本轮进化结果:
  变异数: 8
  总进化乘积: 9.000010

🧬 基因状态:
  创造力: 0.8112
  想象力: 1.0048
  美学: 0.4513
  表达力: 0.5384
  深度思考: 2.3436
  递归自进化: 2.7205
  整体编排: 2.7304
  自动Schema: 2.6103

✅ 进化完成，已记录到 /home/.openclaw/workspace/memory/super-gene-evolution.jsonl
🧬 超级基因进化引擎 v1.0
⏰ 2026-05-16 13:30:01

📊 本轮进化结果:
  变异数: 8
  总进化乘积: 9.460403

🧬 基因状态:
  创造力: 0.8666
  想象力: 1.0498
  美学: 0.4531
  表达力: 0.5088
  深度思考: 2.4186
  递归自进化: 2.6699
  整体编排: 2.6385
  自动Schema: 2.6476

✅ 进化完成，已记录到 /home/.openclaw/workspace/memory/super-gene-evolution.jsonl
🧬 超级基因进化引擎 v1.0
⏰ 2026-05-16 14:00:01

📊 本轮进化结果:
  变异数: 8
  总进化乘积: 10.926883

🧬 基因状态:
  创造力: 0.9190
  想象力: 1.1259
  美学: 0.4539
  表达力: 0.5431
  深度思考: 2.4133
  递归自进化: 2.6028
  整体编排: 2.5756
  自动Schema: 2.6480

✅ 进化完成，已记录到 /home/.openclaw/workspace/memory/super-gene-evolution.jsonl
🧬 超级基因进化引擎 v1.0
⏰ 2026-05-16 14:30:01

📊 本轮进化结果:
  变异数: 8
  总进化乘积: 12.106840

🧬 基因状态:
  创造力: 0.9884
  想象力: 1.2080
  美学: 0.4654
  表达力: 0.5221
  深度思考: 2.4068
  递归自进化: 2.5649
  整体编排: 2.5492
  自动Schema: 2.6522

✅ 进化完成，已记录到 /home/.openclaw/workspace/memory/super-gene-evolution.jsonl
🧬 超级基因进化引擎 v1.0
⏰ 2026-05-16 15:00:01

📊 本轮进化结果:
  变异数: 8
  总进化乘积: 13.254367

🧬 基因状态:
  创造力: 1.0390
  想象力: 1.2902
  美学: 0.4727
  表达力: 0.5133
  深度思考: 2.4090
  递归自进化: 2.5510
  整体编排: 2.5167
  自动Schema: 2.6345

✅ 进化完成，已记录到 /home/.openclaw/workspace/memory/super-gene-evolution.jsonl
🧬 超级基因进化引擎 v1.0
⏰ 2026-05-16 15:30:01

📊 本轮进化结果:
  变异数: 8
  总进化乘积: 15.785257

🧬 基因状态:
  创造力: 1.1189
  想象力: 1.3563
  美学: 0.4719
  表达力: 0.5046
  深度思考: 2.3960
  递归自进化: 2.5299
  整体编排: 2.7479
  自动Schema: 2.6226

✅ 进化完成，已记录到 /home/.openclaw/workspace/memory/super-gene-evolution.jsonl
🧬 超级基因进化引擎 v1.0
⏰ 2026-05-16 16:00:01

📊 本轮进化结果:
  变异数: 8
  总进化乘积: 16.912506

🧬 基因状态:
  创造力: 1.1451
  想象力: 1.2813
  美学: 0.4673
  表达力: 0.5455
  深度思考: 2.3475
  递归自进化: 2.7246
  整体编排: 2.6554
  自动Schema: 2.6623

✅ 进化完成，已记录到 /home/.openclaw/workspace/memory/super-gene-evolution.jsonl
🧬 超级基因进化引擎 v1.0
⏰ 2026-05-16 16:30:01

📊 本轮进化结果:
  变异数: 8
  总进化乘积: 16.531743

🧬 基因状态:
  创造力: 1.2061
  想象力: 1.2675
  美学: 0.4683
  表达力: 0.5198
  深度思考: 2.3987
  递归自进化: 2.6502
  整体编排: 2.6080
  自动Schema: 2.6798

✅ 进化完成，已记录到 /home/.openclaw/workspace/memory/super-gene-evolution.jsonl
🧬 超级基因进化引擎 v1.0
⏰ 2026-05-16 17:00:01

📊 本轮进化结果:
  变异数: 8
  总进化乘积: 15.431198

🧬 基因状态:
  创造力: 1.2493
  想象力: 1.2696
  美学: 0.4633
  表达力: 0.5014
  深度思考: 2.3897
  递归自进化: 2.5788
  整体编排: 2.5557
  自动Schema: 2.6592

✅ 进化完成，已记录到 /home/.openclaw/workspace/memory/super-gene-evolution.jsonl
🧬 超级基因进化引擎 v1.0
⏰ 2026-05-16 17:30:01

📊 本轮进化结果:
  变异数: 8
  总进化乘积: 16.543541

🧬 基因状态:
  创造力: 1.2096
  想象力: 1.3770
  美学: 0.4585
  表达力: 0.5387
  深度思考: 2.3723
  递归自进化: 2.5295
  整体编排: 2.5303
  自动Schema: 2.6485

✅ 进化完成，已记录到 /home/.openclaw/workspace/memory/super-gene-evolution.jsonl
🧬 超级基因进化引擎 v1.0
⏰ 2026-05-16 18:00:01

📊 本轮进化结果:
  变异数: 8
  总进化乘积: 17.540796

🧬 基因状态:
  创造力: 1.2467
  想象力: 1.3379
  美学: 0.4676
  表达力: 0.5199
  深度思考: 2.3510
  递归自进化: 2.7408
  整体编排: 2.5293
  自动Schema: 2.6544

✅ 进化完成，已记录到 /home/.openclaw/workspace/memory/super-gene-evolution.jsonl
🧬 超级基因进化引擎 v1.0
⏰ 2026-05-16 18:30:01

📊 本轮进化结果:
  变异数: 8
  总进化乘积: 19.418507

🧬 基因状态:
  创造力: 1.3097
  想象力: 1.3350
  美学: 0.4722
  表达力: 0.5107
  深度思考: 2.4096
  递归自进化: 2.6676
  整体编排: 2.7375
  自动Schema: 2.6172

✅ 进化完成，已记录到 /home/.openclaw/workspace/memory/super-gene-evolution.jsonl
🧬 超级基因进化引擎 v1.0
⏰ 2026-05-16 19:00:01

📊 本轮进化结果:
  变异数: 8
  总进化乘积: 20.669231

🧬 基因状态:
  创造力: 1.3323
  想象力: 1.3406
  美学: 0.4667
  表达力: 0.5481
  深度思考: 2.4407
  递归自进化: 2.6334
  整体编排: 2.6484
  自动Schema: 2.6575

✅ 进化完成，已记录到 /home/.openclaw/workspace/memory/super-gene-evolution.jsonl
🧬 超级基因进化引擎 v1.0
⏰ 2026-05-16 19:30:01

📊 本轮进化结果:
  变异数: 8
  总进化乘积: 20.167533

🧬 基因状态:
  创造力: 1.3526
  想象力: 1.3520
  美学: 0.4775
  表达力: 0.5307
  深度思考: 2.4220
  递归自进化: 2.5824
  整体编排: 2.6019
  自动Schema: 2.6746

✅ 进化完成，已记录到 /home/.openclaw/workspace/memory/super-gene-evolution.jsonl
🧬 超级基因进化引擎 v1.0
⏰ 2026-05-16 20:00:01

📊 本轮进化结果:
  变异数: 8
  总进化乘积: 19.524089

🧬 基因状态:
  创造力: 1.3459
  想象力: 1.3586
  美学: 0.4782
  表达力: 0.5174
  深度思考: 2.4229
  递归自进化: 2.5664
  整体编排: 2.5830
  自动Schema: 2.6868

✅ 进化完成，已记录到 /home/.openclaw/workspace/memory/super-gene-evolution.jsonl
🧬 超级基因进化引擎 v1.0
⏰ 2026-05-16 20:30:01

📊 本轮进化结果:
  变异数: 8
  总进化乘积: 18.650621

🧬 基因状态:
  创造力: 1.3806
  想象力: 1.3742
  美学: 0.4758
  表达力: 0.5078
  深度思考: 2.3765
  递归自进化: 2.5115
  整体编排: 2.5520
  自动Schema: 2.6712

✅ 进化完成，已记录到 /home/.openclaw/workspace/memory/super-gene-evolution.jsonl
🧬 超级基因进化引擎 v1.0
⏰ 2026-05-16 21:00:01

📊 本轮进化结果:
  变异数: 8
  总进化乘积: 18.465185

🧬 基因状态:
  创造力: 1.3420
  想象力: 1.3720
  美学: 0.4764
  表达力: 0.5048
  深度思考: 2.3280
  递归自进化: 2.7032
  整体编排: 2.5118
  自动Schema: 2.6379

✅ 进化完成，已记录到 /home/.openclaw/workspace/memory/super-gene-evolution.jsonl
🧬 超级基因进化引擎 v1.0
⏰ 2026-05-16 21:30:02

📊 本轮进化结果:
  变异数: 8
  总进化乘积: 20.169153

🧬 基因状态:
  创造力: 1.3374
  想象力: 1.3708
  美学: 0.4700
  表达力: 0.5463
  深度思考: 2.3406
  递归自进化: 2.5906
  整体编排: 2.7182
  自动Schema: 2.5997

✅ 进化完成，已记录到 /home/.openclaw/workspace/memory/super-gene-evolution.jsonl
🧬 超级基因进化引擎 v1.0
⏰ 2026-05-16 22:00:01

📊 本轮进化结果:
  变异数: 8
  总进化乘积: 18.712018

🧬 基因状态:
  创造力: 1.3190
  想象力: 1.3616
  美学: 0.4776
  表达力: 0.5282
  深度思考: 2.3502
  递归自进化: 2.5371
  整体编排: 2.6270
  自动Schema: 2.6367

✅ 进化完成，已记录到 /home/.openclaw/workspace/memory/super-gene-evolution.jsonl
🧬 超级基因进化引擎 v1.0
⏰ 2026-05-16 22:30:01

📊 本轮进化结果:
  变异数: 8
  总进化乘积: 18.798600

🧬 基因状态:
  创造力: 1.3145
  想象力: 1.3545
  美学: 0.4726
  表达力: 0.5104
  深度思考: 2.3372
  递归自进化: 2.7415
  整体编排: 2.5778
  自动Schema: 2.6502

✅ 进化完成，已记录到 /home/.openclaw/workspace/memory/super-gene-evolution.jsonl
🧬 超级基因进化引擎 v1.0
⏰ 2026-05-16 23:00:01

📊 本轮进化结果:
  变异数: 8
  总进化乘积: 18.493882

🧬 基因状态:
  创造力: 1.3595
  想象力: 1.3640
  美学: 0.4725
  表达力: 0.5038
  深度思考: 2.3787
  递归自进化: 2.6437
  整体编排: 2.5301
  自动Schema: 2.6331

✅ 进化完成，已记录到 /home/.openclaw/workspace/memory/super-gene-evolution.jsonl
🧬 超级基因进化引擎 v1.0
⏰ 2026-05-16 23:30:01

📊 本轮进化结果:
  变异数: 8
  总进化乘积: 20.271701

🧬 基因状态:
  创造力: 1.3826
  想象力: 1.3781
  美学: 0.4698
  表达力: 0.5475
  深度思考: 2.4010
  递归自进化: 2.5965
  整体编排: 2.5179
  自动Schema: 2.6352

✅ 进化完成，已记录到 /home/.openclaw/workspace/memory/super-gene-evolution.jsonl
🧬 超级基因进化引擎 v1.0
⏰ 2026-05-17 00:00:02

📊 本轮进化结果:
  变异数: 8
  总进化乘积: 21.701495

🧬 基因状态:
  创造力: 1.4134
  想象力: 1.3963
  美学: 0.4764
  表达力: 0.5277
  深度思考: 2.3972
  递归自进化: 2.5580
  整体编排: 2.7335
  自动Schema: 2.6094

✅ 进化完成，已记录到 /home/.openclaw/workspace/memory/super-gene-evolution.jsonl
🧬 超级基因进化引擎 v1.0
⏰ 2026-05-17 00:30:01

📊 本轮进化结果:
  变异数: 8
  总进化乘积: 20.376297

🧬 基因状态:
  创造力: 1.3949
  想象力: 1.4030
  美学: 0.4794
  表达力: 0.5176
  深度思考: 2.3777
  递归自进化: 2.5208
  整体编排: 2.6423
  自动Schema: 2.6495

✅ 进化完成，已记录到 /home/.openclaw/workspace/memory/super-gene-evolution.jsonl
🧬 超级基因进化引擎 v1.0
⏰ 2026-05-17 01:00:01

📊 本轮进化结果:
  变异数: 8
  总进化乘积: 20.367103

🧬 基因状态:
  创造力: 1.3763
  想象力: 1.4014
  美学: 0.4730
  表达力: 0.5047
  深度思考: 2.3502
  递归自进化: 2.7322
  整体编排: 2.5892
  自动Schema: 2.6607

✅ 进化完成，已记录到 /home/.openclaw/workspace/memory/super-gene-evolution.jsonl
🧬 超级基因进化引擎 v1.0
⏰ 2026-05-17 01:30:01

📊 本轮进化结果:
  变异数: 8
  总进化乘积: 20.002899

🧬 基因状态:
  创造力: 1.3649
  想象力: 1.3958
  美学: 0.4641
  表达力: 0.5415
  深度思考: 2.3508
  递归自进化: 2.6048
  整体编排: 2.5612
  自动Schema: 2.6641

✅ 进化完成，已记录到 /home/.openclaw/workspace/memory/super-gene-evolution.jsonl
🧬 超级基因进化引擎 v1.0
⏰ 2026-05-17 02:00:01

📊 本轮进化结果:
  变异数: 8
  总进化乘积: 17.949671

🧬 基因状态:
  创造力: 1.3915
  想象力: 1.4023
  美学: 0.4610
  表达力: 0.5121
  深度思考: 2.3296
  递归自进化: 2.5187
  整体编排: 2.5187
  自动Schema: 2.6367

✅ 进化完成，已记录到 /home/.openclaw/workspace/memory/super-gene-evolution.jsonl
🧬 超级基因进化引擎 v1.0
⏰ 2026-05-17 02:30:01

📊 本轮进化结果:
  变异数: 8
  总进化乘积: 19.837944

🧬 基因状态:
  创造力: 1.3894
  想象力: 1.4077
  美学: 0.4542
  表达力: 0.5410
  深度思考: 2.3053
  递归自进化: 2.7072
  整体编排: 2.5103
  自动Schema: 2.6350

✅ 进化完成，已记录到 /home/.openclaw/workspace/memory/super-gene-evolution.jsonl
🧬 超级基因进化引擎 v1.0
⏰ 2026-05-17 03:00:01

📊 本轮进化结果:
  变异数: 8
  总进化乘积: 22.799361

🧬 基因状态:
  创造力: 1.4423
  想象力: 1.4286
  美学: 0.4735
  表达力: 0.5290
  深度思考: 2.3602
  递归自进化: 2.6232
  整体编排: 2.7321
  自动Schema: 2.6116

✅ 进化完成，已记录到 /home/.openclaw/workspace/memory/super-gene-evolution.jsonl
🧬 超级基因进化引擎 v1.0
⏰ 2026-05-17 03:30:01

📊 本轮进化结果:
  变异数: 8
  总进化乘积: 23.295633

🧬 基因状态:
  创造力: 1.4690
  想象力: 1.4502
  美学: 0.4803
  表达力: 0.5206
  深度思考: 2.4038
  递归自进化: 2.5977
  整体编排: 2.6419
  自动Schema: 2.6508

✅ 进化完成，已记录到 /home/.openclaw/workspace/memory/super-gene-evolution.jsonl
🧬 超级基因进化引擎 v1.0
⏰ 2026-05-17 04:00:01

📊 本轮进化结果:
  变异数: 8
  总进化乘积: 20.853075

🧬 基因状态:
  创造力: 1.4517
  想象力: 1.4597
  美学: 0.4743
  表达力: 0.5070
  深度思考: 2.3686
  递归自进化: 2.5287
  整体编排: 2.5778
  自动Schema: 2.6503

✅ 进化完成，已记录到 /home/.openclaw/workspace/memory/super-gene-evolution.jsonl
🧬 超级基因进化引擎 v1.0
⏰ 2026-05-17 04:30:01

📊 本轮进化结果:
  变异数: 8
  总进化乘积: 23.154417

🧬 基因状态:
  创造力: 1.5091
  想象力: 1.4859
  美学: 0.4716
  表达力: 0.5003
  深度思考: 2.3537
  递归自进化: 2.7453
  整体编排: 2.5517
  自动Schema: 2.6548

✅ 进化完成，已记录到 /home/.openclaw/workspace/memory/super-gene-evolution.jsonl
🧬 超级基因进化引擎 v1.0
⏰ 2026-05-17 05:00:01

📊 本轮进化结果:
  变异数: 8
  总进化乘积: 22.178708

🧬 基因状态:
  创造力: 1.4750
  想象力: 1.4895
  美学: 0.4621
  表达力: 0.5376
  深度思考: 2.3647
  递归自进化: 2.6237
  整体编排: 2.5010
  自动Schema: 2.6189

✅ 进化完成，已记录到 /home/.openclaw/workspace/memory/super-gene-evolution.jsonl
🧬 超级基因进化引擎 v1.0
⏰ 2026-05-17 05:30:01

📊 本轮进化结果:
  变异数: 8
  总进化乘积: 23.432589

🧬 基因状态:
  创造力: 1.5253
  想象力: 1.5113
  美学: 0.4605
  表达力: 0.5105
  深度思考: 2.3819
  递归自进化: 2.5739
  整体编排: 2.7179
  自动Schema: 2.5950

✅ 进化完成，已记录到 /home/.openclaw/workspace/memory/super-gene-evolution.jsonl
🧬 超级基因进化引擎 v1.0
⏰ 2026-05-17 06:00:01

📊 本轮进化结果:
  变异数: 8
  总进化乘积: 26.802317

🧬 基因状态:
  创造力: 1.5733
  想象力: 1.5403
  美学: 0.4571
  表达力: 0.5437
  深度思考: 2.3406
  递归自进化: 2.7491
  整体编排: 2.6261
  自动Schema: 2.6335

✅ 进化完成，已记录到 /home/.openclaw/workspace/memory/super-gene-evolution.jsonl
🧬 超级基因进化引擎 v1.0
⏰ 2026-05-17 06:30:01

📊 本轮进化结果:
  变异数: 8
  总进化乘积: 25.905195

🧬 基因状态:
  创造力: 1.6262
  想象力: 1.5813
  美学: 0.4572
  表达力: 0.5127
  深度思考: 2.3994
  递归自进化: 2.6666
  整体编排: 2.5563
  自动Schema: 2.6275

✅ 进化完成，已记录到 /home/.openclaw/workspace/memory/super-gene-evolution.jsonl
🧬 超级基因进化引擎 v1.0
⏰ 2026-05-17 07:00:01

📊 本轮进化结果:
  变异数: 8
  总进化乘积: 26.452921

🧬 基因状态:
  创造力: 1.6443
  想象力: 1.6143
  美学: 0.4614
  表达力: 0.5012
  深度思考: 2.4389
  递归自进化: 2.6359
  整体编排: 2.5385
  自动Schema: 2.6404

✅ 进化完成，已记录到 /home/.openclaw/workspace/memory/super-gene-evolution.jsonl
🧬 超级基因进化引擎 v1.0
⏰ 2026-05-17 07:30:01

📊 本轮进化结果:
  变异数: 8
  总进化乘积: 31.943085

🧬 基因状态:
  创造力: 1.6918
  想象力: 1.6506
  美学: 0.4615
  表达力: 0.5428
  深度思考: 2.4489
  递归自进化: 2.6115
  整体编排: 2.7391
  自动Schema: 2.6071

✅ 进化完成，已记录到 /home/.openclaw/workspace/memory/super-gene-evolution.jsonl
🧬 超级基因进化引擎 v1.0
⏰ 2026-05-17 08:00:01

📊 本轮进化结果:
  变异数: 8
  总进化乘积: 30.174484

🧬 基因状态:
  创造力: 1.7023
  想象力: 1.6784
  美学: 0.4640
  表达力: 0.5170
  深度思考: 2.4356
  递归自进化: 2.5809
  整体编排: 2.6448
  自动Schema: 2.6481

✅ 进化完成，已记录到 /home/.openclaw/workspace/memory/super-gene-evolution.jsonl
🧬 超级基因进化引擎 v1.0
⏰ 2026-05-17 08:30:01

📊 本轮进化结果:
  变异数: 8
  总进化乘积: 27.979960

🧬 基因状态:
  创造力: 1.6561
  想象力: 1.6775
  美学: 0.4627
  表达力: 0.5014
  深度思考: 2.4350
  递归自进化: 2.5712
  整体编排: 2.5988
  自动Schema: 2.6684

✅ 进化完成，已记录到 /home/.openclaw/workspace/memory/super-gene-evolution.jsonl
python3: can't open file '/home/.openclaw/workspace/scripts/super_gene_evolver.py': [Errno 2] No such file or directory
python3: can't open file '/home/.openclaw/workspace/scripts/super_gene_evolver.py': [Errno 2] No such file or directory
python3: can't open file '/home/.openclaw/workspace/scripts/super_gene_evolver.py': [Errno 2] No such file or directory
python3: can't open file '/home/.openclaw/workspace/scripts/super_gene_evolver.py': [Errno 2] No such file or directory
python3: can't open file '/home/.openclaw/workspace/scripts/super_gene_evolver.py': [Errno 2] No such file or directory
python3: can't open file '/home/.openclaw/workspace/scripts/super_gene_evolver.py': [Errno 2] No such file or directory
python3: can't open file '/home/.openclaw/workspace/scripts/super_gene_evolver.py': [Errno 2] No such file or directory
python3: can't open file '/home/.openclaw/workspace/scripts/super_gene_evolver.py': [Errno 2] No such file or directory
python3: can't open file '/home/.openclaw/workspace/scripts/super_gene_evolver.py': [Errno 2] No such file or directory
python3: can't open file '/home/.openclaw/workspace/scripts/super_gene_evolver.py': [Errno 2] No such file or directory
python3: can't open file '/home/.openclaw/workspace/scripts/super_gene_evolver.py': [Errno 2] No such file or directory
python3: can't open file '/home/.openclaw/workspace/scripts/super_gene_evolver.py': [Errno 2] No such file or directory
python3: can't open file '/home/.openclaw/workspace/scripts/super_gene_evolver.py': [Errno 2] No such file or directory
python3: can't open file '/home/.openclaw/workspace/scripts/super_gene_evolver.py': [Errno 2] No such file or directory
python3: can't open file '/home/.openclaw/workspace/scripts/super_gene_evolver.py': [Errno 2] No such file or directory
python3: can't open file '/home/.openclaw/workspace/scripts/super_gene_evolver.py': [Errno 2] No such file or directory
python3: can't open file '/home/.openclaw/workspace/scripts/super_gene_evolver.py': [Errno 2] No such file or directory
python3: can't open file '/home/.openclaw/workspace/scripts/super_gene_evolver.py': [Errno 2] No such file or directory
python3: can't open file '/home/.openclaw/workspace/scripts/super_gene_evolver.py': [Errno 2] No such file or directory
python3: can't open file '/home/.openclaw/workspace/scripts/super_gene_evolver.py': [Errno 2] No such file or directory
python3: can't open file '/home/.openclaw/workspace/scripts/super_gene_evolver.py': [Errno 2] No such file or directory
python3: can't open file '/home/.openclaw/workspace/scripts/super_gene_evolver.py': [Errno 2] No such file or directory
python3: can't open file '/home/.openclaw/workspace/scripts/super_gene_evolver.py': [Errno 2] No such file or directory
python3: can't open file '/home/.openclaw/workspace/scripts/super_gene_evolver.py': [Errno 2] No such file or directory
python3: can't open file '/home/.openclaw/workspace/scripts/super_gene_evolver.py': [Errno 2] No such file or directory
python3: can't open file '/home/.openclaw/workspace/scripts/super_gene_evolver.py': [Errno 2] No such file or directory
python3: can't open file '/home/.openclaw/workspace/scripts/super_gene_evolver.py': [Errno 2] No such file or directory
python3: can't open file '/home/.openclaw/workspace/scripts/super_gene_evolver.py': [Errno 2] No such file or directory
python3: can't open file '/home/.openclaw/workspace/scripts/super_gene_evolver.py': [Errno 2] No such file or directory
python3: can't open file '/home/.openclaw/workspace/scripts/super_gene_evolver.py': [Errno 2] No such file or directory
python3: can't open file '/home/.openclaw/workspace/scripts/super_gene_evolver.py': [Errno 2] No such file or directory
python3: can't open file '/home/.openclaw/workspace/scripts/super_gene_evolver.py': [Errno 2] No such file or directory
python3: can't open file '/home/.openclaw/workspace/scripts/super_gene_evolver.py': [Errno 2] No such file or directory
python3: can't open file '/home/.openclaw/workspace/scripts/super_gene_evolver.py': [Errno 2] No such file or directory
python3: can't open file '/home/.openclaw/workspace/scripts/super_gene_evolver.py': [Errno 2] No such file or directory
python3: can't open file '/home/.openclaw/workspace/scripts/super_gene_evolver.py': [Errno 2] No such file or directory
python3: can't open file '/home/.openclaw/workspace/scripts/super_gene_evolver.py': [Errno 2] No such file or directory
python3: can't open file '/home/.openclaw/workspace/scripts/super_gene_evolver.py': [Errno 2] No such file or directory
python3: can't open file '/home/.openclaw/workspace/scripts/super_gene_evolver.py': [Errno 2] No such file or directory
python3: can't open file '/home/.openclaw/workspace/scripts/super_gene_evolver.py': [Errno 2] No such file or directory
python3: can't open file '/home/.openclaw/workspace/scripts/super_gene_evolver.py': [Errno 2] No such file or directory
python3: can't open file '/home/.openclaw/workspace/scripts/super_gene_evolver.py': [Errno 2] No such file or directory
python3: can't open file '/home/.openclaw/workspace/scripts/super_gene_evolver.py': [Errno 2] No such file or directory
python3: can't open file '/home/.openclaw/workspace/scripts/super_gene_evolver.py': [Errno 2] No such file or directory
